[2022-06-24 17:04:28] - root - DEBUG - Call: ['/Users/maxbronckers/Downloads/GI-PVI/experiments/pvi_regression.py', '--inference_samples=10', '--name=pvi_debug']
[2022-06-24 17:04:28] - root - DEBUG - Root: /Users/maxbronckers/Downloads/GI-PVI/results/2022-06-24-15.04.28_pvi-debug
[2022-06-24 17:04:28] - root - DEBUG - Time: 2022-06-24-15.04.28
[2022-06-24 17:04:28] - root - DEBUG - Seed: 0
[2022-06-24 17:04:28] - root - INFO - [97mArgs: Namespace(seed=0, epochs=100, iters=10, plot=True, name='pvi_debug', M=10, N=100, training_samples=10, inference_samples=10, nz_init=0.01831563888873418, lr=0.01, ll_var=0.01, batch_size=100, dgp=<DGP.ober_regression: 1>, load=None, random_z=False, prior=<Prior.StandardPrior: 0>, bias=True, sep_lr=False, num_clients=2)[0m
[2022-06-24 17:04:28] - root - INFO - Scale: 22.00953383451236
[2022-06-24 17:04:28] - root - INFO - [97mClient splits: [0.5, 0.5][0m
[2022-06-24 17:04:29] - root - INFO - SERVER - sequential - [   0/  10] iterations - optimizing clients [client0]
[2022-06-24 17:04:29] - root - INFO - SERVER - sequential - [   0/  10] - 1/1 client - starting optimization of client0
[2022-06-24 17:04:29] - root - INFO - CLIENT - client0 - [   0/ 100] - local vfe:       -2116.0, ll:        -886.0, kl:   1230.0, error:  0.15479
[2022-06-24 17:04:31] - root - INFO - CLIENT - client0 - [  10/ 100] - local vfe:       -2802.0, ll:       -1664.0, kl:   1137.9, error:  0.24480
[2022-06-24 17:04:33] - root - INFO - CLIENT - client0 - [  20/ 100] - local vfe:       -2213.0, ll:       -1178.0, kl:   1035.0, error:  0.19393
[2022-06-24 17:04:35] - root - INFO - CLIENT - client0 - [  30/ 100] - local vfe:       -2096.0, ll:       -1097.0, kl:    999.2, error:  0.30216
[2022-06-24 17:04:37] - root - INFO - CLIENT - client0 - [  40/ 100] - local vfe:       -2175.0, ll:       -1229.0, kl:    946.1, error:  0.16809
[2022-06-24 17:04:38] - root - INFO - CLIENT - client0 - [  50/ 100] - local vfe:       -1975.0, ll:       -1071.0, kl:    904.1, error:  0.17922
[2022-06-24 17:04:40] - root - INFO - CLIENT - client0 - [  60/ 100] - local vfe:       -1515.0, ll:        -631.0, kl:    883.8, error:  0.23098
[2022-06-24 17:04:42] - root - INFO - CLIENT - client0 - [  70/ 100] - local vfe:       -1910.0, ll:       -1042.0, kl:    867.5, error:  0.19293
[2022-06-24 17:04:44] - root - INFO - CLIENT - client0 - [  80/ 100] - local vfe:       -2102.0, ll:       -1249.0, kl:    853.4, error:  0.24197
[2022-06-24 17:04:46] - root - INFO - CLIENT - client0 - [  90/ 100] - local vfe:       -1934.0, ll:       -1096.0, kl:    837.7, error:  0.23829
[2022-06-24 17:04:48] - root - INFO - SERVER - sequential - [   1/  10] iterations - optimizing clients [client1]
[2022-06-24 17:04:48] - root - INFO - SERVER - sequential - [   1/  10] - 1/1 client - starting optimization of client1
[2022-06-24 17:04:48] - root - INFO - CLIENT - client1 - [   0/ 100] - local vfe:       -4731.0, ll:        -861.0, kl:   3870.0, error:  0.22220
[2022-06-24 17:04:50] - root - INFO - CLIENT - client1 - [  10/ 100] - local vfe:       -3979.0, ll:        -807.0, kl:   3172.4, error:  0.21303
[2022-06-24 17:04:52] - root - INFO - CLIENT - client1 - [  20/ 100] - local vfe:       -3561.0, ll:        -931.0, kl:   2630.0, error:  0.18053
[2022-06-24 17:04:55] - root - INFO - CLIENT - client1 - [  30/ 100] - local vfe:       -2769.0, ll:        -577.0, kl:   2191.2, error:  0.19244
[2022-06-24 17:04:57] - root - INFO - CLIENT - client1 - [  40/ 100] - local vfe:       -2822.0, ll:        -970.0, kl:   1851.8, error:  0.22995
[2022-06-24 17:04:59] - root - INFO - CLIENT - client1 - [  50/ 100] - local vfe:       -2378.0, ll:        -776.0, kl:   1602.4, error:  0.15555
[2022-06-24 17:05:01] - root - INFO - CLIENT - client1 - [  60/ 100] - local vfe:       -2335.0, ll:        -911.0, kl:   1423.7, error:  0.14176
[2022-06-24 17:05:03] - root - INFO - CLIENT - client1 - [  70/ 100] - local vfe:       -2448.0, ll:       -1165.0, kl:   1283.8, error:  0.20813
[2022-06-24 17:05:06] - root - INFO - CLIENT - client1 - [  80/ 100] - local vfe:       -2258.0, ll:       -1089.0, kl:   1169.0, error:  0.20552
[2022-06-24 17:05:08] - root - INFO - CLIENT - client1 - [  90/ 100] - local vfe:       -1974.0, ll:        -896.0, kl:   1078.3, error:  0.22436
[2022-06-24 17:05:10] - root - INFO - SERVER - sequential - [   2/  10] iterations - optimizing clients [client0]
[2022-06-24 17:05:10] - root - INFO - SERVER - sequential - [   2/  10] - 1/1 client - starting optimization of client0
[2022-06-24 17:05:10] - root - INFO - CLIENT - client0 - [   0/ 100] - local vfe:       -2985.0, ll:       -1235.0, kl:   1749.3, error:  0.24855
[2022-06-24 17:05:12] - root - INFO - CLIENT - client0 - [  10/ 100] - local vfe:       -2385.0, ll:        -910.0, kl:   1474.8, error:  0.13487
[2022-06-24 17:05:14] - root - INFO - CLIENT - client0 - [  20/ 100] - local vfe:       -2527.0, ll:       -1263.0, kl:   1264.0, error:  0.24840
[2022-06-24 17:05:16] - root - INFO - CLIENT - client0 - [  30/ 100] - local vfe:       -2148.0, ll:       -1058.0, kl:   1090.4, error:  0.21735
[2022-06-24 17:05:19] - root - INFO - CLIENT - client0 - [  40/ 100] - local vfe:       -1901.0, ll:        -977.0, kl:    924.2, error:  0.20001
[2022-06-24 17:05:21] - root - INFO - CLIENT - client0 - [  50/ 100] - local vfe:       -1552.0, ll:        -745.0, kl:    807.3, error:  0.22983
[2022-06-24 17:05:23] - root - INFO - CLIENT - client0 - [  60/ 100] - local vfe:       -1460.0, ll:        -733.0, kl:    726.8, error:  0.19327
[2022-06-24 17:05:25] - root - INFO - CLIENT - client0 - [  70/ 100] - local vfe:       -1379.0, ll:        -693.0, kl:    685.5, error:  0.20546
[2022-06-24 17:05:27] - root - INFO - CLIENT - client0 - [  80/ 100] - local vfe:       -1688.0, ll:       -1048.0, kl:    640.1, error:  0.18459
[2022-06-24 17:05:29] - root - INFO - CLIENT - client0 - [  90/ 100] - local vfe:       -1709.0, ll:       -1092.0, kl:    616.9, error:  0.26649
[2022-06-24 17:05:31] - root - INFO - SERVER - sequential - [   3/  10] iterations - optimizing clients [client1]
[2022-06-24 17:05:31] - root - INFO - SERVER - sequential - [   3/  10] - 1/1 client - starting optimization of client1
[2022-06-24 17:05:32] - root - INFO - CLIENT - client1 - [   0/ 100] - local vfe:       -1016.0, ll:        -691.0, kl:    324.9, error:  0.15302
[2022-06-24 17:05:34] - root - INFO - CLIENT - client1 - [  10/ 100] - local vfe:       -1344.0, ll:       -1077.0, kl:    266.5, error:  0.24379
[2022-06-24 17:05:36] - root - INFO - CLIENT - client1 - [  20/ 100] - local vfe:        -854.0, ll:        -617.0, kl:    237.2, error:  0.16621
[2022-06-24 17:05:38] - root - INFO - CLIENT - client1 - [  30/ 100] - local vfe:       -1070.0, ll:        -863.0, kl:    207.0, error:  0.17279
[2022-06-24 17:05:40] - root - INFO - CLIENT - client1 - [  40/ 100] - local vfe:       -1237.0, ll:       -1046.0, kl:    190.7, error:  0.28593
[2022-06-24 17:05:43] - root - INFO - CLIENT - client1 - [  50/ 100] - local vfe:        -961.0, ll:        -785.0, kl:    175.6, error:  0.18291
[2022-06-24 17:05:45] - root - INFO - CLIENT - client1 - [  60/ 100] - local vfe:       -1075.0, ll:        -907.0, kl:    168.4, error:  0.22036
[2022-06-24 17:05:47] - root - INFO - CLIENT - client1 - [  70/ 100] - local vfe:       -1062.0, ll:        -897.0, kl:    164.4, error:  0.17687
[2022-06-24 17:05:49] - root - INFO - CLIENT - client1 - [  80/ 100] - local vfe:        -883.0, ll:        -726.0, kl:    157.2, error:  0.19018
[2022-06-24 17:05:51] - root - INFO - CLIENT - client1 - [  90/ 100] - local vfe:        -625.0, ll:        -473.0, kl:    151.7, error:  0.17778
[2022-06-24 17:05:53] - root - INFO - SERVER - sequential - [   4/  10] iterations - optimizing clients [client0]
[2022-06-24 17:05:53] - root - INFO - SERVER - sequential - [   4/  10] - 1/1 client - starting optimization of client0
[2022-06-24 17:05:54] - root - INFO - CLIENT - client0 - [   0/ 100] - local vfe:       -1137.0, ll:        -813.0, kl:    323.2, error:  0.18909
[2022-06-24 17:05:56] - root - INFO - CLIENT - client0 - [  10/ 100] - local vfe:        -971.0, ll:        -671.0, kl:    299.1, error:  0.16383
[2022-06-24 17:05:58] - root - INFO - CLIENT - client0 - [  20/ 100] - local vfe:        -958.0, ll:        -666.0, kl:    291.7, error:  0.25827
[2022-06-24 17:06:00] - root - INFO - CLIENT - client0 - [  30/ 100] - local vfe:        -695.0, ll:        -424.0, kl:    270.5, error:  0.19125
[2022-06-24 17:06:02] - root - INFO - CLIENT - client0 - [  40/ 100] - local vfe:        -750.0, ll:        -489.0, kl:    260.7, error:  0.16542
[2022-06-24 17:06:04] - root - INFO - CLIENT - client0 - [  50/ 100] - local vfe:        -764.0, ll:        -504.0, kl:    260.1, error:  0.18376
[2022-06-24 17:06:07] - root - INFO - CLIENT - client0 - [  60/ 100] - local vfe:        -818.0, ll:        -552.0, kl:    265.2, error:  0.16722
[2022-06-24 17:06:09] - root - INFO - CLIENT - client0 - [  70/ 100] - local vfe:        -944.0, ll:        -682.0, kl:    262.2, error:  0.16455
[2022-06-24 17:06:11] - root - INFO - CLIENT - client0 - [  80/ 100] - local vfe:        -670.0, ll:        -415.0, kl:    254.5, error:  0.17245
[2022-06-24 17:06:13] - root - INFO - CLIENT - client0 - [  90/ 100] - local vfe:        -964.0, ll:        -702.0, kl:    261.7, error:  0.16684
[2022-06-24 17:06:15] - root - INFO - SERVER - sequential - [   5/  10] iterations - optimizing clients [client1]
[2022-06-24 17:06:15] - root - INFO - SERVER - sequential - [   5/  10] - 1/1 client - starting optimization of client1
[2022-06-24 17:06:15] - root - INFO - CLIENT - client1 - [   0/ 100] - local vfe:        -843.0, ll:        -698.0, kl:    145.5, error:  0.21391
[2022-06-24 17:06:17] - root - INFO - CLIENT - client1 - [  10/ 100] - local vfe:        -698.0, ll:        -561.0, kl:    136.5, error:  0.17772
[2022-06-24 17:06:20] - root - INFO - CLIENT - client1 - [  20/ 100] - local vfe:       -1071.0, ll:        -940.0, kl:    130.8, error:  0.23679
[2022-06-24 17:06:22] - root - INFO - CLIENT - client1 - [  30/ 100] - local vfe:       -1011.0, ll:        -886.0, kl:    125.7, error:  0.19829
[2022-06-24 17:06:24] - root - INFO - CLIENT - client1 - [  40/ 100] - local vfe:        -768.0, ll:        -648.0, kl:    120.6, error:  0.23415
[2022-06-24 17:06:26] - root - INFO - CLIENT - client1 - [  50/ 100] - local vfe:        -788.0, ll:        -672.0, kl:    116.1, error:  0.14664
[2022-06-24 17:06:28] - root - INFO - CLIENT - client1 - [  60/ 100] - local vfe:        -945.0, ll:        -834.0, kl:    110.7, error:  0.14860
[2022-06-24 17:06:30] - root - INFO - CLIENT - client1 - [  70/ 100] - local vfe:        -856.0, ll:        -752.0, kl:    104.4, error:  0.24153
[2022-06-24 17:06:33] - root - INFO - CLIENT - client1 - [  80/ 100] - local vfe:        -485.0, ll:        -386.0, kl:     99.6, error:  0.16147
[2022-06-24 17:06:35] - root - INFO - CLIENT - client1 - [  90/ 100] - local vfe:        -947.0, ll:        -852.0, kl:     95.1, error:  0.20278
[2022-06-24 17:06:37] - root - INFO - SERVER - sequential - [   6/  10] iterations - optimizing clients [client0]
[2022-06-24 17:06:37] - root - INFO - SERVER - sequential - [   6/  10] - 1/1 client - starting optimization of client0
[2022-06-24 17:06:37] - root - INFO - CLIENT - client0 - [   0/ 100] - local vfe:        -653.0, ll:        -481.0, kl:    172.0, error:  0.23595
[2022-06-24 17:06:39] - root - INFO - CLIENT - client0 - [  10/ 100] - local vfe:        -656.0, ll:        -486.0, kl:    170.6, error:  0.17017
[2022-06-24 17:06:41] - root - INFO - CLIENT - client0 - [  20/ 100] - local vfe:        -696.0, ll:        -535.0, kl:    160.7, error:  0.19781
[2022-06-24 17:06:44] - root - INFO - CLIENT - client0 - [  30/ 100] - local vfe:        -891.0, ll:        -744.0, kl:    147.1, error:  0.24122
[2022-06-24 17:06:46] - root - INFO - CLIENT - client0 - [  40/ 100] - local vfe:        -637.0, ll:        -495.0, kl:    142.2, error:  0.18302
[2022-06-24 17:06:48] - root - INFO - CLIENT - client0 - [  50/ 100] - local vfe:        -736.0, ll:        -594.0, kl:    142.2, error:  0.21090
[2022-06-24 17:06:50] - root - INFO - CLIENT - client0 - [  60/ 100] - local vfe:        -985.0, ll:        -847.0, kl:    137.9, error:  0.26154
[2022-06-24 17:06:52] - root - INFO - CLIENT - client0 - [  70/ 100] - local vfe:        -623.0, ll:        -488.0, kl:    135.7, error:  0.18143
[2022-06-24 17:06:54] - root - INFO - CLIENT - client0 - [  80/ 100] - local vfe:        -582.0, ll:        -446.0, kl:    135.8, error:  0.15968
[2022-06-24 17:06:57] - root - INFO - CLIENT - client0 - [  90/ 100] - local vfe:        -705.0, ll:        -564.0, kl:    140.6, error:  0.16336
[2022-06-24 17:06:59] - root - INFO - SERVER - sequential - [   7/  10] iterations - optimizing clients [client1]
[2022-06-24 17:06:59] - root - INFO - SERVER - sequential - [   7/  10] - 1/1 client - starting optimization of client1
[2022-06-24 17:06:59] - root - INFO - CLIENT - client1 - [   0/ 100] - local vfe:        -444.0, ll:        -377.0, kl:     67.5, error:  0.15158
[2022-06-24 17:07:01] - root - INFO - CLIENT - client1 - [  10/ 100] - local vfe:        -744.0, ll:        -678.0, kl:     66.2, error:  0.16858
[2022-06-24 17:07:03] - root - INFO - CLIENT - client1 - [  20/ 100] - local vfe:        -367.0, ll:        -302.0, kl:     65.4, error:  0.17047
[2022-06-24 17:07:05] - root - INFO - CLIENT - client1 - [  30/ 100] - local vfe:        -571.0, ll:        -510.0, kl:     61.1, error:  0.16750
[2022-06-24 17:07:07] - root - INFO - CLIENT - client1 - [  40/ 100] - local vfe:        -774.0, ll:        -714.0, kl:     60.2, error:  0.16691
[2022-06-24 17:07:10] - root - INFO - CLIENT - client1 - [  50/ 100] - local vfe:        -857.0, ll:        -795.0, kl:     61.9, error:  0.23570
[2022-06-24 17:07:12] - root - INFO - CLIENT - client1 - [  60/ 100] - local vfe:        -559.0, ll:        -495.0, kl:     64.2, error:  0.18068
[2022-06-24 17:07:14] - root - INFO - CLIENT - client1 - [  70/ 100] - local vfe:        -591.0, ll:        -529.0, kl:     61.9, error:  0.15749
[2022-06-24 17:07:16] - root - INFO - CLIENT - client1 - [  80/ 100] - local vfe:        -552.0, ll:        -492.0, kl:     60.4, error:  0.15539
[2022-06-24 17:07:18] - root - INFO - CLIENT - client1 - [  90/ 100] - local vfe:        -537.0, ll:        -478.0, kl:     59.0, error:  0.16118
[2022-06-24 17:07:20] - root - INFO - SERVER - sequential - [   8/  10] iterations - optimizing clients [client0]
[2022-06-24 17:07:20] - root - INFO - SERVER - sequential - [   8/  10] - 1/1 client - starting optimization of client0
[2022-06-24 17:07:21] - root - INFO - CLIENT - client0 - [   0/ 100] - local vfe:        -570.0, ll:        -438.0, kl:    131.9, error:  0.15403
[2022-06-24 17:07:23] - root - INFO - CLIENT - client0 - [  10/ 100] - local vfe:        -630.0, ll:        -496.0, kl:    134.3, error:  0.21966
[2022-06-24 17:07:25] - root - INFO - CLIENT - client0 - [  20/ 100] - local vfe:        -529.0, ll:        -396.0, kl:    133.1, error:  0.17810
[2022-06-24 17:07:27] - root - INFO - CLIENT - client0 - [  30/ 100] - local vfe:        -581.0, ll:        -445.0, kl:    136.5, error:  0.17181
[2022-06-24 17:07:29] - root - INFO - CLIENT - client0 - [  40/ 100] - local vfe:        -890.0, ll:        -752.0, kl:    137.6, error:  0.25487
[2022-06-24 17:07:31] - root - INFO - CLIENT - client0 - [  50/ 100] - local vfe:        -495.0, ll:        -349.0, kl:    146.4, error:  0.18118
[2022-06-24 17:07:34] - root - INFO - CLIENT - client0 - [  60/ 100] - local vfe:        -821.0, ll:        -682.0, kl:    139.0, error:  0.15345
[2022-06-24 17:07:36] - root - INFO - CLIENT - client0 - [  70/ 100] - local vfe:        -593.0, ll:        -453.0, kl:    140.4, error:  0.16584
[2022-06-24 17:07:38] - root - INFO - CLIENT - client0 - [  80/ 100] - local vfe:        -504.0, ll:        -359.0, kl:    144.5, error:  0.16991
[2022-06-24 17:07:40] - root - INFO - CLIENT - client0 - [  90/ 100] - local vfe:        -543.0, ll:        -401.0, kl:    141.7, error:  0.15102
[2022-06-24 17:07:42] - root - INFO - SERVER - sequential - [   9/  10] iterations - optimizing clients [client1]
[2022-06-24 17:07:42] - root - INFO - SERVER - sequential - [   9/  10] - 1/1 client - starting optimization of client1
[2022-06-24 17:07:42] - root - INFO - CLIENT - client1 - [   0/ 100] - local vfe:        -857.0, ll:        -788.0, kl:     68.4, error:  0.22645
[2022-06-24 17:07:44] - root - INFO - CLIENT - client1 - [  10/ 100] - local vfe:        -532.0, ll:        -458.0, kl:     73.9, error:  0.18020
[2022-06-24 17:07:47] - root - INFO - CLIENT - client1 - [  20/ 100] - local vfe:        -477.0, ll:        -400.0, kl:     77.0, error:  0.15777
[2022-06-24 17:07:49] - root - INFO - CLIENT - client1 - [  30/ 100] - local vfe:        -503.0, ll:        -424.0, kl:     78.7, error:  0.16512
[2022-06-24 17:07:51] - root - INFO - CLIENT - client1 - [  40/ 100] - local vfe:        -497.0, ll:        -415.0, kl:     82.1, error:  0.15106
[2022-06-24 17:07:53] - root - INFO - CLIENT - client1 - [  50/ 100] - local vfe:        -573.0, ll:        -488.0, kl:     84.7, error:  0.22063
[2022-06-24 17:07:56] - root - INFO - CLIENT - client1 - [  60/ 100] - local vfe:        -476.0, ll:        -391.0, kl:     84.2, error:  0.16649
[2022-06-24 17:07:58] - root - INFO - CLIENT - client1 - [  70/ 100] - local vfe:        -465.0, ll:        -379.0, kl:     85.9, error:  0.17519
[2022-06-24 17:08:00] - root - INFO - CLIENT - client1 - [  80/ 100] - local vfe:        -447.0, ll:        -361.0, kl:     85.4, error:  0.15409
[2022-06-24 17:08:02] - root - INFO - CLIENT - client1 - [  90/ 100] - local vfe:        -481.0, ll:        -398.0, kl:     82.9, error:  0.13546
[2022-06-24 17:08:11] - root - INFO - [97m Test set error (RMSE): 0.493, var: 0.135[0m
[2022-06-24 17:08:12] - root - INFO - [97m Both train/test set error (RMSE): 0.297, var: 1.204[0m
[2022-06-24 17:08:13] - root - INFO - [97m Entire domain error (RMSE): 0.303, var: 7.756[0m
[2022-06-24 17:08:14] - root - INFO - Total time: 0:03:45.923397 (H:MM:SS:ms)
