[2022-06-13 22:02:48] - root - DEBUG - Call: ['/homes/mojb2/Thesis/GI-PVI/experiments/toy_regression.py', '--plot', '--epochs=100', '--name=debug']
[2022-06-13 22:02:48] - root - DEBUG - Root: /homes/mojb2/Thesis/GI-PVI/results/2022-06-13-21.02.48_debug
[2022-06-13 22:02:48] - root - DEBUG - Time: 2022-06-13-21.02.48
[2022-06-13 22:02:48] - root - DEBUG - Seed: 0
[2022-06-13 22:02:48] - root - INFO - Args: Namespace(M=10, N=100, batch_size=100, bias=True, dgp=<DGP.ober_regression: 1>, epochs=100, inference_samples=10, ll_var=0.001, lr=0.01, name='debug', nz_init=0.001, plot=True, prior=<Prior.NealPrior: 1>, random_z=False, seed=0, training_samples=2)
[2022-06-13 22:02:52] - root - DEBUG - [   0/ 100] - elbo:      -20232.0, ll:       -8411.0, kl:  11820.8, error:  0.38068
[2022-06-13 22:02:52] - root - INFO - Epoch     0 - elbo:      -20232.0, ll:       -8411.0, kl:  11820.8, error:  0.38068
[2022-06-13 22:02:55] - root - DEBUG - [   1/ 100] - elbo:      -20294.0, ll:       -8760.0, kl:  11533.9, error:  0.32939
[2022-06-13 22:02:55] - root - DEBUG - [   2/ 100] - elbo:      -19919.0, ll:       -8848.0, kl:  11071.5, error:  0.33250
[2022-06-13 22:02:55] - root - DEBUG - [   3/ 100] - elbo:      -21628.0, ll:      -10866.0, kl:  10761.9, error:  0.21868
[2022-06-13 22:02:55] - root - DEBUG - [   4/ 100] - elbo:      -20655.0, ll:      -10269.0, kl:  10386.8, error:  0.31092
[2022-06-13 22:02:55] - root - DEBUG - [   5/ 100] - elbo:      -14245.0, ll:       -4316.0, kl:   9929.0, error:  0.13744
[2022-06-13 22:02:55] - root - DEBUG - [   6/ 100] - elbo:      -15336.0, ll:       -5754.0, kl:   9581.6, error:  0.18135
[2022-06-13 22:02:56] - root - DEBUG - [   7/ 100] - elbo:      -22520.0, ll:      -13176.0, kl:   9344.5, error:  0.36765
[2022-06-13 22:02:56] - root - DEBUG - [   8/ 100] - elbo:      -15397.0, ll:       -6577.0, kl:   8820.3, error:  0.33753
[2022-06-13 22:02:56] - root - DEBUG - [   9/ 100] - elbo:      -29031.0, ll:      -20668.0, kl:   8362.8, error:  0.29344
[2022-06-13 22:02:56] - root - DEBUG - [  10/ 100] - elbo:      -16183.0, ll:       -8161.0, kl:   8022.2, error:  0.34605
[2022-06-13 22:02:56] - root - DEBUG - [  11/ 100] - elbo:      -40308.0, ll:      -32613.0, kl:   7694.8, error:  0.23415
[2022-06-13 22:02:56] - root - DEBUG - [  12/ 100] - elbo:      -15287.0, ll:       -7775.0, kl:   7512.0, error:  0.23471
[2022-06-13 22:02:56] - root - DEBUG - [  13/ 100] - elbo:      -19836.0, ll:      -12558.0, kl:   7278.2, error:  0.30581
[2022-06-13 22:02:56] - root - DEBUG - [  14/ 100] - elbo:      -15686.0, ll:       -8645.0, kl:   7041.4, error:  0.39974
[2022-06-13 22:02:56] - root - DEBUG - [  15/ 100] - elbo:      -20114.0, ll:      -13431.0, kl:   6683.6, error:  0.31337
[2022-06-13 22:02:56] - root - DEBUG - [  16/ 100] - elbo:      -15982.0, ll:       -9464.0, kl:   6517.7, error:  0.41032
[2022-06-13 22:02:56] - root - DEBUG - [  17/ 100] - elbo:      -23186.0, ll:      -16902.0, kl:   6283.7, error:  0.52324
[2022-06-13 22:02:56] - root - DEBUG - [  18/ 100] - elbo:      -26401.0, ll:      -20307.0, kl:   6094.1, error:  0.55496
[2022-06-13 22:02:56] - root - DEBUG - [  19/ 100] - elbo:       -8210.0, ll:       -2499.0, kl:   5711.2, error:  0.21133
[2022-06-13 22:02:56] - root - DEBUG - [  20/ 100] - elbo:      -11547.0, ll:       -5900.0, kl:   5646.6, error:  0.30774
[2022-06-13 22:02:56] - root - DEBUG - [  21/ 100] - elbo:      -12729.0, ll:       -7275.0, kl:   5454.5, error:  0.40544
[2022-06-13 22:02:56] - root - DEBUG - [  22/ 100] - elbo:       -8883.0, ll:       -3733.0, kl:   5150.5, error:  0.14715
[2022-06-13 22:02:56] - root - DEBUG - [  23/ 100] - elbo:      -18583.0, ll:      -13460.0, kl:   5122.7, error:  0.38132
[2022-06-13 22:02:56] - root - DEBUG - [  24/ 100] - elbo:      -21397.0, ll:      -16664.0, kl:   4732.7, error:  0.57727
[2022-06-13 22:02:56] - root - DEBUG - [  25/ 100] - elbo:       -9215.0, ll:       -4535.0, kl:   4679.8, error:  0.31820
[2022-06-13 22:02:56] - root - DEBUG - [  26/ 100] - elbo:      -15004.0, ll:      -10554.0, kl:   4450.1, error:  0.43422
[2022-06-13 22:02:57] - root - DEBUG - [  27/ 100] - elbo:       -6883.0, ll:       -2640.0, kl:   4243.1, error:  0.18468
[2022-06-13 22:02:57] - root - DEBUG - [  28/ 100] - elbo:       -8970.0, ll:       -4891.0, kl:   4078.7, error:  0.24859
[2022-06-13 22:02:57] - root - DEBUG - [  29/ 100] - elbo:      -10974.0, ll:       -7071.0, kl:   3903.5, error:  0.27075
[2022-06-13 22:02:57] - root - DEBUG - [  30/ 100] - elbo:      -19794.0, ll:      -15892.0, kl:   3901.9, error:  0.28575
[2022-06-13 22:02:57] - root - DEBUG - [  31/ 100] - elbo:      -11144.0, ll:       -7470.0, kl:   3673.7, error:  0.31280
[2022-06-13 22:02:57] - root - DEBUG - [  32/ 100] - elbo:      -12656.0, ll:       -9041.0, kl:   3614.8, error:  0.17353
[2022-06-13 22:02:57] - root - DEBUG - [  33/ 100] - elbo:       -4771.0, ll:       -1257.0, kl:   3514.2, error:  0.16606
[2022-06-13 22:02:57] - root - DEBUG - [  34/ 100] - elbo:      -14049.0, ll:      -10600.0, kl:   3449.0, error:  0.51716
[2022-06-13 22:02:57] - root - DEBUG - [  35/ 100] - elbo:      -13541.0, ll:      -10146.0, kl:   3395.4, error:  0.25378
[2022-06-13 22:02:57] - root - DEBUG - [  36/ 100] - elbo:       -6028.0, ll:       -2759.0, kl:   3269.0, error:  0.24367
[2022-06-13 22:02:57] - root - DEBUG - [  37/ 100] - elbo:       -6251.0, ll:       -3007.0, kl:   3243.9, error:  0.15494
[2022-06-13 22:02:57] - root - DEBUG - [  38/ 100] - elbo:       -7335.0, ll:       -4192.0, kl:   3143.1, error:  0.31399
[2022-06-13 22:02:57] - root - DEBUG - [  39/ 100] - elbo:      -10460.0, ll:       -7321.0, kl:   3139.5, error:  0.40949
[2022-06-13 22:02:57] - root - DEBUG - [  40/ 100] - elbo:       -4850.0, ll:       -1751.0, kl:   3099.9, error:  0.15454
[2022-06-13 22:02:57] - root - DEBUG - [  41/ 100] - elbo:      -20731.0, ll:      -17690.0, kl:   3041.8, error:  0.70930
[2022-06-13 22:02:57] - root - DEBUG - [  42/ 100] - elbo:      -13820.0, ll:      -10850.0, kl:   2970.2, error:  0.34761
[2022-06-13 22:02:57] - root - DEBUG - [  43/ 100] - elbo:       -4763.0, ll:       -1808.0, kl:   2955.0, error:  0.19441
[2022-06-13 22:02:58] - root - DEBUG - [  44/ 100] - elbo:      -12899.0, ll:       -9981.0, kl:   2918.6, error:  0.45022
[2022-06-13 22:02:58] - root - DEBUG - [  45/ 100] - elbo:       -4572.0, ll:       -1675.0, kl:   2896.9, error:  0.20274
[2022-06-13 22:02:58] - root - DEBUG - [  46/ 100] - elbo:       -7748.0, ll:       -4897.0, kl:   2851.4, error:  0.19618
[2022-06-13 22:02:58] - root - DEBUG - [  47/ 100] - elbo:      -11834.0, ll:       -8990.0, kl:   2844.9, error:  0.50112
[2022-06-13 22:02:58] - root - DEBUG - [  48/ 100] - elbo:       -4946.0, ll:       -2152.0, kl:   2794.9, error:  0.17560
[2022-06-13 22:02:58] - root - DEBUG - [  49/ 100] - elbo:      -10170.0, ll:       -7404.0, kl:   2765.5, error:  0.39552
[2022-06-13 22:02:58] - root - DEBUG - [  50/ 100] - elbo:      -11018.0, ll:       -8271.0, kl:   2746.4, error:  0.34198
[2022-06-13 22:02:58] - root - DEBUG - [  51/ 100] - elbo:       -3782.0, ll:       -1057.0, kl:   2725.0, error:  0.14054
[2022-06-13 22:02:58] - root - DEBUG - [  52/ 100] - elbo:       -4857.0, ll:       -2164.0, kl:   2693.0, error:  0.18044
[2022-06-13 22:02:58] - root - DEBUG - [  53/ 100] - elbo:       -5004.0, ll:       -2372.0, kl:   2632.5, error:  0.21055
[2022-06-13 22:02:58] - root - DEBUG - [  54/ 100] - elbo:      -11581.0, ll:       -8988.0, kl:   2593.0, error:  0.52665
[2022-06-13 22:02:58] - root - DEBUG - [  55/ 100] - elbo:      -12378.0, ll:       -9737.0, kl:   2641.1, error:  0.54248
[2022-06-13 22:02:58] - root - DEBUG - [  56/ 100] - elbo:       -5261.0, ll:       -2718.0, kl:   2543.5, error:  0.18611
[2022-06-13 22:02:58] - root - DEBUG - [  57/ 100] - elbo:       -3743.0, ll:       -1196.0, kl:   2547.3, error:  0.17140
[2022-06-13 22:02:58] - root - DEBUG - [  58/ 100] - elbo:       -4701.0, ll:       -2204.0, kl:   2496.4, error:  0.23782
[2022-06-13 22:02:58] - root - DEBUG - [  59/ 100] - elbo:       -6281.0, ll:       -3767.0, kl:   2514.5, error:  0.17028
[2022-06-13 22:02:58] - root - DEBUG - [  60/ 100] - elbo:       -4263.0, ll:       -1794.0, kl:   2468.7, error:  0.19424
[2022-06-13 22:02:58] - root - DEBUG - [  61/ 100] - elbo:       -3711.0, ll:       -1249.0, kl:   2462.0, error:  0.16746
[2022-06-13 22:02:58] - root - DEBUG - [  62/ 100] - elbo:       -8329.0, ll:       -5919.0, kl:   2409.5, error:  0.42060
[2022-06-13 22:02:58] - root - DEBUG - [  63/ 100] - elbo:       -5631.0, ll:       -3266.0, kl:   2364.5, error:  0.16567
[2022-06-13 22:02:59] - root - DEBUG - [  64/ 100] - elbo:       -7034.0, ll:       -4671.0, kl:   2363.3, error:  0.29745
[2022-06-13 22:02:59] - root - DEBUG - [  65/ 100] - elbo:       -7433.0, ll:       -5083.0, kl:   2350.4, error:  0.39003
[2022-06-13 22:02:59] - root - DEBUG - [  66/ 100] - elbo:       -3896.0, ll:       -1592.0, kl:   2304.3, error:  0.21585
[2022-06-13 22:02:59] - root - DEBUG - [  67/ 100] - elbo:       -5287.0, ll:       -2972.0, kl:   2315.1, error:  0.13200
[2022-06-13 22:02:59] - root - DEBUG - [  68/ 100] - elbo:       -3288.0, ll:        -992.0, kl:   2295.2, error:  0.13053
[2022-06-13 22:02:59] - root - DEBUG - [  69/ 100] - elbo:       -5210.0, ll:       -2969.0, kl:   2241.2, error:  0.29980
[2022-06-13 22:02:59] - root - DEBUG - [  70/ 100] - elbo:       -4899.0, ll:       -2678.0, kl:   2221.2, error:  0.25415
[2022-06-13 22:02:59] - root - DEBUG - [  71/ 100] - elbo:       -3127.0, ll:        -916.0, kl:   2210.8, error:  0.14265
[2022-06-13 22:02:59] - root - DEBUG - [  72/ 100] - elbo:       -5739.0, ll:       -3565.0, kl:   2173.5, error:  0.29867
[2022-06-13 22:02:59] - root - DEBUG - [  73/ 100] - elbo:       -3994.0, ll:       -1821.0, kl:   2173.2, error:  0.24968
[2022-06-13 22:02:59] - root - DEBUG - [  74/ 100] - elbo:       -4922.0, ll:       -2760.0, kl:   2161.9, error:  0.26407
[2022-06-13 22:02:59] - root - DEBUG - [  75/ 100] - elbo:       -4304.0, ll:       -2175.0, kl:   2129.0, error:  0.16545
[2022-06-13 22:02:59] - root - DEBUG - [  76/ 100] - elbo:       -2746.0, ll:        -640.0, kl:   2106.5, error:  0.15400
[2022-06-13 22:02:59] - root - DEBUG - [  77/ 100] - elbo:       -5927.0, ll:       -3818.0, kl:   2109.5, error:  0.33105
[2022-06-13 22:02:59] - root - DEBUG - [  78/ 100] - elbo:       -3569.0, ll:       -1414.0, kl:   2154.3, error:  0.22864
[2022-06-13 22:02:59] - root - DEBUG - [  79/ 100] - elbo:       -8680.0, ll:       -6592.0, kl:   2087.9, error:  0.18789
[2022-06-13 22:02:59] - root - DEBUG - [  80/ 100] - elbo:       -7693.0, ll:       -5662.0, kl:   2031.1, error:  0.30654
[2022-06-13 22:02:59] - root - DEBUG - [  81/ 100] - elbo:       -6663.0, ll:       -4617.0, kl:   2045.6, error:  0.31072
[2022-06-13 22:02:59] - root - DEBUG - [  82/ 100] - elbo:       -4676.0, ll:       -2629.0, kl:   2046.8, error:  0.22090
[2022-06-13 22:02:59] - root - DEBUG - [  83/ 100] - elbo:       -2901.0, ll:        -860.0, kl:   2040.8, error:  0.16382
[2022-06-13 22:03:00] - root - DEBUG - [  84/ 100] - elbo:       -3529.0, ll:       -1483.0, kl:   2046.7, error:  0.15621
[2022-06-13 22:03:00] - root - DEBUG - [  85/ 100] - elbo:       -6726.0, ll:       -4708.0, kl:   2017.9, error:  0.29261
[2022-06-13 22:03:00] - root - DEBUG - [  86/ 100] - elbo:       -3950.0, ll:       -1965.0, kl:   1984.8, error:  0.25947
[2022-06-13 22:03:00] - root - DEBUG - [  87/ 100] - elbo:       -6192.0, ll:       -4198.0, kl:   1994.0, error:  0.24138
[2022-06-13 22:03:00] - root - DEBUG - [  88/ 100] - elbo:       -4991.0, ll:       -3029.0, kl:   1962.6, error:  0.30496
[2022-06-13 22:03:00] - root - DEBUG - [  89/ 100] - elbo:       -6154.0, ll:       -4153.0, kl:   2000.7, error:  0.30371
[2022-06-13 22:03:00] - root - DEBUG - [  90/ 100] - elbo:       -8957.0, ll:       -7028.0, kl:   1928.9, error:  0.35461
[2022-06-13 22:03:00] - root - DEBUG - [  91/ 100] - elbo:       -3724.0, ll:       -1777.0, kl:   1946.9, error:  0.25095
[2022-06-13 22:03:00] - root - DEBUG - [  92/ 100] - elbo:       -2748.0, ll:        -794.0, kl:   1953.9, error:  0.18005
[2022-06-13 22:03:00] - root - DEBUG - [  93/ 100] - elbo:       -2370.0, ll:        -424.0, kl:   1945.8, error:  0.13914
[2022-06-13 22:03:00] - root - DEBUG - [  94/ 100] - elbo:       -4962.0, ll:       -3043.0, kl:   1918.6, error:  0.14168
[2022-06-13 22:03:00] - root - DEBUG - [  95/ 100] - elbo:       -9024.0, ll:       -7131.0, kl:   1892.8, error:  0.19328
[2022-06-13 22:03:00] - root - DEBUG - [  96/ 100] - elbo:       -2625.0, ll:        -726.0, kl:   1899.4, error:  0.17464
[2022-06-13 22:03:00] - root - DEBUG - [  97/ 100] - elbo:       -3479.0, ll:       -1615.0, kl:   1863.6, error:  0.19897
[2022-06-13 22:03:00] - root - DEBUG - [  98/ 100] - elbo:       -3959.0, ll:       -2079.0, kl:   1879.3, error:  0.20252
[2022-06-13 22:03:00] - root - DEBUG - [  99/ 100] - elbo:       -2621.0, ll:        -766.0, kl:   1855.3, error:  0.13499
[2022-06-13 22:03:00] - root - INFO - Epoch    99 - elbo:       -2621.0, ll:        -766.0, kl:   1855.3, error:  0.13499
[2022-06-13 22:03:02] - root - INFO - Test set error (RMSE): 0.232, var: 0.316
[2022-06-13 22:03:02] - root - INFO - Both train/test set error (RMSE): 0.127, var: 1.186
[2022-06-13 22:03:04] - root - INFO - Entire domain error (RMSE): 0.153, var: 4.053
