[2022-06-13 22:03:50] - root - DEBUG - Call: ['toy_regression.py', '-e', '500', '-n=std_500epochs']
[2022-06-13 22:03:50] - root - DEBUG - Root: /homes/mojb2/Thesis/GI-PVI/results/2022-06-13-21.03.50_std-500epochs
[2022-06-13 22:03:50] - root - DEBUG - Time: 2022-06-13-21.03.50
[2022-06-13 22:03:50] - root - DEBUG - Seed: 0
[2022-06-13 22:03:50] - root - INFO - Args: Namespace(M=10, N=100, batch_size=100, bias=True, dgp=<DGP.ober_regression: 1>, epochs=500, inference_samples=10, ll_var=0.001, lr=0.01, name='std_500epochs', nz_init=0.001, plot=True, prior=<Prior.NealPrior: 1>, random_z=False, seed=0, training_samples=2)
[2022-06-13 22:03:53] - root - DEBUG - [   0/ 500] - elbo:      -20232.0, ll:       -8411.0, kl:  11820.8, error:  0.38068
[2022-06-13 22:03:53] - root - INFO - Epoch     0 - elbo:      -20232.0, ll:       -8411.0, kl:  11820.8, error:  0.38068
[2022-06-13 22:03:53] - root - DEBUG - [   1/ 500] - elbo:      -20294.0, ll:       -8760.0, kl:  11533.9, error:  0.32939
[2022-06-13 22:03:53] - root - DEBUG - [   2/ 500] - elbo:      -19919.0, ll:       -8848.0, kl:  11071.5, error:  0.33250
[2022-06-13 22:03:53] - root - DEBUG - [   3/ 500] - elbo:      -21628.0, ll:      -10866.0, kl:  10761.9, error:  0.21868
[2022-06-13 22:03:53] - root - DEBUG - [   4/ 500] - elbo:      -20655.0, ll:      -10269.0, kl:  10386.8, error:  0.31092
[2022-06-13 22:03:53] - root - DEBUG - [   5/ 500] - elbo:      -14245.0, ll:       -4316.0, kl:   9929.0, error:  0.13744
[2022-06-13 22:03:53] - root - DEBUG - [   6/ 500] - elbo:      -15336.0, ll:       -5754.0, kl:   9581.6, error:  0.18135
[2022-06-13 22:03:53] - root - DEBUG - [   7/ 500] - elbo:      -22520.0, ll:      -13176.0, kl:   9344.5, error:  0.36765
[2022-06-13 22:03:53] - root - DEBUG - [   8/ 500] - elbo:      -15397.0, ll:       -6577.0, kl:   8820.3, error:  0.33753
[2022-06-13 22:03:53] - root - DEBUG - [   9/ 500] - elbo:      -29031.0, ll:      -20668.0, kl:   8362.8, error:  0.29344
[2022-06-13 22:03:53] - root - DEBUG - [  10/ 500] - elbo:      -16183.0, ll:       -8161.0, kl:   8022.2, error:  0.34605
[2022-06-13 22:03:53] - root - DEBUG - [  11/ 500] - elbo:      -40308.0, ll:      -32613.0, kl:   7694.8, error:  0.23415
[2022-06-13 22:03:53] - root - DEBUG - [  12/ 500] - elbo:      -15287.0, ll:       -7775.0, kl:   7512.0, error:  0.23471
[2022-06-13 22:03:53] - root - DEBUG - [  13/ 500] - elbo:      -19836.0, ll:      -12558.0, kl:   7278.2, error:  0.30581
[2022-06-13 22:03:53] - root - DEBUG - [  14/ 500] - elbo:      -15686.0, ll:       -8645.0, kl:   7041.4, error:  0.39974
[2022-06-13 22:03:53] - root - DEBUG - [  15/ 500] - elbo:      -20114.0, ll:      -13431.0, kl:   6683.6, error:  0.31337
[2022-06-13 22:03:53] - root - DEBUG - [  16/ 500] - elbo:      -15982.0, ll:       -9464.0, kl:   6517.7, error:  0.41032
[2022-06-13 22:03:53] - root - DEBUG - [  17/ 500] - elbo:      -23186.0, ll:      -16902.0, kl:   6283.7, error:  0.52324
[2022-06-13 22:03:53] - root - DEBUG - [  18/ 500] - elbo:      -26401.0, ll:      -20307.0, kl:   6094.1, error:  0.55496
[2022-06-13 22:03:53] - root - DEBUG - [  19/ 500] - elbo:       -8210.0, ll:       -2499.0, kl:   5711.2, error:  0.21133
[2022-06-13 22:03:54] - root - DEBUG - [  20/ 500] - elbo:      -11547.0, ll:       -5900.0, kl:   5646.6, error:  0.30774
[2022-06-13 22:03:54] - root - DEBUG - [  21/ 500] - elbo:      -12729.0, ll:       -7275.0, kl:   5454.5, error:  0.40544
[2022-06-13 22:03:54] - root - DEBUG - [  22/ 500] - elbo:       -8883.0, ll:       -3733.0, kl:   5150.5, error:  0.14715
[2022-06-13 22:03:54] - root - DEBUG - [  23/ 500] - elbo:      -18583.0, ll:      -13460.0, kl:   5122.7, error:  0.38132
[2022-06-13 22:03:54] - root - DEBUG - [  24/ 500] - elbo:      -21397.0, ll:      -16664.0, kl:   4732.7, error:  0.57727
[2022-06-13 22:03:54] - root - DEBUG - [  25/ 500] - elbo:       -9215.0, ll:       -4535.0, kl:   4679.8, error:  0.31820
[2022-06-13 22:03:54] - root - DEBUG - [  26/ 500] - elbo:      -15004.0, ll:      -10554.0, kl:   4450.1, error:  0.43422
[2022-06-13 22:03:54] - root - DEBUG - [  27/ 500] - elbo:       -6883.0, ll:       -2640.0, kl:   4243.1, error:  0.18468
[2022-06-13 22:03:54] - root - DEBUG - [  28/ 500] - elbo:       -8970.0, ll:       -4891.0, kl:   4078.7, error:  0.24859
[2022-06-13 22:03:54] - root - DEBUG - [  29/ 500] - elbo:      -10974.0, ll:       -7071.0, kl:   3903.5, error:  0.27075
[2022-06-13 22:03:54] - root - DEBUG - [  30/ 500] - elbo:      -19794.0, ll:      -15892.0, kl:   3901.9, error:  0.28575
[2022-06-13 22:03:54] - root - DEBUG - [  31/ 500] - elbo:      -11144.0, ll:       -7470.0, kl:   3673.7, error:  0.31280
[2022-06-13 22:03:54] - root - DEBUG - [  32/ 500] - elbo:      -12656.0, ll:       -9041.0, kl:   3614.8, error:  0.17353
[2022-06-13 22:03:54] - root - DEBUG - [  33/ 500] - elbo:       -4771.0, ll:       -1257.0, kl:   3514.2, error:  0.16606
[2022-06-13 22:03:54] - root - DEBUG - [  34/ 500] - elbo:      -14049.0, ll:      -10600.0, kl:   3449.0, error:  0.51716
[2022-06-13 22:03:54] - root - DEBUG - [  35/ 500] - elbo:      -13541.0, ll:      -10146.0, kl:   3395.4, error:  0.25378
[2022-06-13 22:03:54] - root - DEBUG - [  36/ 500] - elbo:       -6028.0, ll:       -2759.0, kl:   3269.0, error:  0.24367
[2022-06-13 22:03:54] - root - DEBUG - [  37/ 500] - elbo:       -6251.0, ll:       -3007.0, kl:   3243.9, error:  0.15494
[2022-06-13 22:03:54] - root - DEBUG - [  38/ 500] - elbo:       -7335.0, ll:       -4192.0, kl:   3143.1, error:  0.31399
[2022-06-13 22:03:54] - root - DEBUG - [  39/ 500] - elbo:      -10460.0, ll:       -7321.0, kl:   3139.5, error:  0.40949
[2022-06-13 22:03:54] - root - DEBUG - [  40/ 500] - elbo:       -4850.0, ll:       -1751.0, kl:   3099.9, error:  0.15454
[2022-06-13 22:03:54] - root - DEBUG - [  41/ 500] - elbo:      -20731.0, ll:      -17690.0, kl:   3041.8, error:  0.70930
[2022-06-13 22:03:54] - root - DEBUG - [  42/ 500] - elbo:      -13820.0, ll:      -10850.0, kl:   2970.2, error:  0.34761
[2022-06-13 22:03:54] - root - DEBUG - [  43/ 500] - elbo:       -4763.0, ll:       -1808.0, kl:   2955.0, error:  0.19441
[2022-06-13 22:03:54] - root - DEBUG - [  44/ 500] - elbo:      -12899.0, ll:       -9981.0, kl:   2918.6, error:  0.45022
[2022-06-13 22:03:54] - root - DEBUG - [  45/ 500] - elbo:       -4572.0, ll:       -1675.0, kl:   2896.9, error:  0.20274
[2022-06-13 22:03:54] - root - DEBUG - [  46/ 500] - elbo:       -7748.0, ll:       -4897.0, kl:   2851.4, error:  0.19618
[2022-06-13 22:03:54] - root - DEBUG - [  47/ 500] - elbo:      -11834.0, ll:       -8990.0, kl:   2844.9, error:  0.50112
[2022-06-13 22:03:54] - root - DEBUG - [  48/ 500] - elbo:       -4946.0, ll:       -2152.0, kl:   2794.9, error:  0.17560
[2022-06-13 22:03:54] - root - DEBUG - [  49/ 500] - elbo:      -10170.0, ll:       -7404.0, kl:   2765.5, error:  0.39552
[2022-06-13 22:03:54] - root - DEBUG - [  50/ 500] - elbo:      -11018.0, ll:       -8271.0, kl:   2746.4, error:  0.34198
[2022-06-13 22:03:54] - root - DEBUG - [  51/ 500] - elbo:       -3782.0, ll:       -1057.0, kl:   2725.0, error:  0.14054
[2022-06-13 22:03:54] - root - DEBUG - [  52/ 500] - elbo:       -4857.0, ll:       -2164.0, kl:   2693.0, error:  0.18044
[2022-06-13 22:03:54] - root - DEBUG - [  53/ 500] - elbo:       -5004.0, ll:       -2372.0, kl:   2632.5, error:  0.21055
[2022-06-13 22:03:54] - root - DEBUG - [  54/ 500] - elbo:      -11581.0, ll:       -8988.0, kl:   2593.0, error:  0.52665
[2022-06-13 22:03:54] - root - DEBUG - [  55/ 500] - elbo:      -12378.0, ll:       -9737.0, kl:   2641.1, error:  0.54248
[2022-06-13 22:03:54] - root - DEBUG - [  56/ 500] - elbo:       -5261.0, ll:       -2718.0, kl:   2543.5, error:  0.18611
[2022-06-13 22:03:54] - root - DEBUG - [  57/ 500] - elbo:       -3743.0, ll:       -1196.0, kl:   2547.3, error:  0.17140
[2022-06-13 22:03:54] - root - DEBUG - [  58/ 500] - elbo:       -4701.0, ll:       -2204.0, kl:   2496.4, error:  0.23782
[2022-06-13 22:03:54] - root - DEBUG - [  59/ 500] - elbo:       -6281.0, ll:       -3767.0, kl:   2514.5, error:  0.17028
[2022-06-13 22:03:54] - root - DEBUG - [  60/ 500] - elbo:       -4263.0, ll:       -1794.0, kl:   2468.7, error:  0.19424
[2022-06-13 22:03:54] - root - DEBUG - [  61/ 500] - elbo:       -3711.0, ll:       -1249.0, kl:   2462.0, error:  0.16746
[2022-06-13 22:03:54] - root - DEBUG - [  62/ 500] - elbo:       -8329.0, ll:       -5919.0, kl:   2409.5, error:  0.42060
[2022-06-13 22:03:54] - root - DEBUG - [  63/ 500] - elbo:       -5631.0, ll:       -3266.0, kl:   2364.5, error:  0.16567
[2022-06-13 22:03:55] - root - DEBUG - [  64/ 500] - elbo:       -7034.0, ll:       -4671.0, kl:   2363.3, error:  0.29745
[2022-06-13 22:03:55] - root - DEBUG - [  65/ 500] - elbo:       -7433.0, ll:       -5083.0, kl:   2350.4, error:  0.39003
[2022-06-13 22:03:55] - root - DEBUG - [  66/ 500] - elbo:       -3896.0, ll:       -1592.0, kl:   2304.3, error:  0.21585
[2022-06-13 22:03:55] - root - DEBUG - [  67/ 500] - elbo:       -5287.0, ll:       -2972.0, kl:   2315.1, error:  0.13200
[2022-06-13 22:03:55] - root - DEBUG - [  68/ 500] - elbo:       -3288.0, ll:        -992.0, kl:   2295.2, error:  0.13053
[2022-06-13 22:03:55] - root - DEBUG - [  69/ 500] - elbo:       -5210.0, ll:       -2969.0, kl:   2241.2, error:  0.29980
[2022-06-13 22:03:55] - root - DEBUG - [  70/ 500] - elbo:       -4899.0, ll:       -2678.0, kl:   2221.2, error:  0.25415
[2022-06-13 22:03:55] - root - DEBUG - [  71/ 500] - elbo:       -3127.0, ll:        -916.0, kl:   2210.8, error:  0.14265
[2022-06-13 22:03:55] - root - DEBUG - [  72/ 500] - elbo:       -5739.0, ll:       -3565.0, kl:   2173.5, error:  0.29867
[2022-06-13 22:03:55] - root - DEBUG - [  73/ 500] - elbo:       -3994.0, ll:       -1821.0, kl:   2173.2, error:  0.24968
[2022-06-13 22:03:55] - root - DEBUG - [  74/ 500] - elbo:       -4922.0, ll:       -2760.0, kl:   2161.9, error:  0.26407
[2022-06-13 22:03:55] - root - DEBUG - [  75/ 500] - elbo:       -4304.0, ll:       -2175.0, kl:   2129.0, error:  0.16545
[2022-06-13 22:03:55] - root - DEBUG - [  76/ 500] - elbo:       -2746.0, ll:        -640.0, kl:   2106.5, error:  0.15400
[2022-06-13 22:03:55] - root - DEBUG - [  77/ 500] - elbo:       -5927.0, ll:       -3818.0, kl:   2109.5, error:  0.33105
[2022-06-13 22:03:55] - root - DEBUG - [  78/ 500] - elbo:       -3569.0, ll:       -1414.0, kl:   2154.3, error:  0.22864
[2022-06-13 22:03:55] - root - DEBUG - [  79/ 500] - elbo:       -8680.0, ll:       -6592.0, kl:   2087.9, error:  0.18789
[2022-06-13 22:03:55] - root - DEBUG - [  80/ 500] - elbo:       -7693.0, ll:       -5662.0, kl:   2031.1, error:  0.30654
[2022-06-13 22:03:55] - root - DEBUG - [  81/ 500] - elbo:       -6663.0, ll:       -4617.0, kl:   2045.6, error:  0.31072
[2022-06-13 22:03:55] - root - DEBUG - [  82/ 500] - elbo:       -4676.0, ll:       -2629.0, kl:   2046.8, error:  0.22090
[2022-06-13 22:03:55] - root - DEBUG - [  83/ 500] - elbo:       -2901.0, ll:        -860.0, kl:   2040.8, error:  0.16382
[2022-06-13 22:03:55] - root - DEBUG - [  84/ 500] - elbo:       -3529.0, ll:       -1483.0, kl:   2046.7, error:  0.15621
[2022-06-13 22:03:55] - root - DEBUG - [  85/ 500] - elbo:       -6726.0, ll:       -4708.0, kl:   2017.9, error:  0.29261
[2022-06-13 22:03:55] - root - DEBUG - [  86/ 500] - elbo:       -3950.0, ll:       -1965.0, kl:   1984.8, error:  0.25947
[2022-06-13 22:03:55] - root - DEBUG - [  87/ 500] - elbo:       -6192.0, ll:       -4198.0, kl:   1994.0, error:  0.24138
[2022-06-13 22:03:55] - root - DEBUG - [  88/ 500] - elbo:       -4991.0, ll:       -3029.0, kl:   1962.6, error:  0.30496
[2022-06-13 22:03:55] - root - DEBUG - [  89/ 500] - elbo:       -6154.0, ll:       -4153.0, kl:   2000.7, error:  0.30371
[2022-06-13 22:03:55] - root - DEBUG - [  90/ 500] - elbo:       -8957.0, ll:       -7028.0, kl:   1928.9, error:  0.35461
[2022-06-13 22:03:55] - root - DEBUG - [  91/ 500] - elbo:       -3724.0, ll:       -1777.0, kl:   1946.9, error:  0.25095
[2022-06-13 22:03:55] - root - DEBUG - [  92/ 500] - elbo:       -2748.0, ll:        -794.0, kl:   1953.9, error:  0.18005
[2022-06-13 22:03:55] - root - DEBUG - [  93/ 500] - elbo:       -2370.0, ll:        -424.0, kl:   1945.8, error:  0.13914
[2022-06-13 22:03:55] - root - DEBUG - [  94/ 500] - elbo:       -4962.0, ll:       -3043.0, kl:   1918.6, error:  0.14168
[2022-06-13 22:03:55] - root - DEBUG - [  95/ 500] - elbo:       -9024.0, ll:       -7131.0, kl:   1892.8, error:  0.19328
[2022-06-13 22:03:55] - root - DEBUG - [  96/ 500] - elbo:       -2625.0, ll:        -726.0, kl:   1899.4, error:  0.17464
[2022-06-13 22:03:55] - root - DEBUG - [  97/ 500] - elbo:       -3479.0, ll:       -1615.0, kl:   1863.6, error:  0.19897
[2022-06-13 22:03:55] - root - DEBUG - [  98/ 500] - elbo:       -3959.0, ll:       -2079.0, kl:   1879.3, error:  0.20252
[2022-06-13 22:03:55] - root - DEBUG - [  99/ 500] - elbo:       -2621.0, ll:        -766.0, kl:   1855.3, error:  0.13499
[2022-06-13 22:03:55] - root - DEBUG - [ 100/ 500] - elbo:       -2803.0, ll:        -918.0, kl:   1884.4, error:  0.12588
[2022-06-13 22:03:55] - root - INFO - Epoch   100 - elbo:       -2803.0, ll:        -918.0, kl:   1884.4, error:  0.12588
[2022-06-13 22:03:56] - root - DEBUG - [ 101/ 500] - elbo:       -6321.0, ll:       -4443.0, kl:   1877.5, error:  0.14389
[2022-06-13 22:03:56] - root - DEBUG - [ 102/ 500] - elbo:       -5716.0, ll:       -3890.0, kl:   1826.4, error:  0.21706
[2022-06-13 22:03:56] - root - DEBUG - [ 103/ 500] - elbo:       -4905.0, ll:       -3084.0, kl:   1821.5, error:  0.13593
[2022-06-13 22:03:56] - root - DEBUG - [ 104/ 500] - elbo:       -8608.0, ll:       -6761.0, kl:   1847.2, error:  0.14181
[2022-06-13 22:03:56] - root - DEBUG - [ 105/ 500] - elbo:       -3559.0, ll:       -1756.0, kl:   1802.5, error:  0.17736
[2022-06-13 22:03:56] - root - DEBUG - [ 106/ 500] - elbo:       -5324.0, ll:       -3504.0, kl:   1820.2, error:  0.20242
[2022-06-13 22:03:56] - root - DEBUG - [ 107/ 500] - elbo:       -5739.0, ll:       -3855.0, kl:   1884.0, error:  0.28178
[2022-06-13 22:03:56] - root - DEBUG - [ 108/ 500] - elbo:       -4352.0, ll:       -2494.0, kl:   1858.3, error:  0.29817
[2022-06-13 22:03:56] - root - DEBUG - [ 109/ 500] - elbo:       -7853.0, ll:       -6024.0, kl:   1829.5, error:  0.27019
[2022-06-13 22:03:56] - root - DEBUG - [ 110/ 500] - elbo:       -2679.0, ll:        -855.0, kl:   1824.1, error:  0.18183
[2022-06-13 22:03:56] - root - DEBUG - [ 111/ 500] - elbo:       -3137.0, ll:       -1336.0, kl:   1800.4, error:  0.19779
[2022-06-13 22:03:56] - root - DEBUG - [ 112/ 500] - elbo:       -3168.0, ll:       -1362.0, kl:   1806.2, error:  0.24359
[2022-06-13 22:03:56] - root - DEBUG - [ 113/ 500] - elbo:       -3326.0, ll:       -1471.0, kl:   1855.3, error:  0.20311
[2022-06-13 22:03:56] - root - DEBUG - [ 114/ 500] - elbo:       -3596.0, ll:       -1777.0, kl:   1820.0, error:  0.22770
[2022-06-13 22:03:56] - root - DEBUG - [ 115/ 500] - elbo:       -3333.0, ll:       -1535.0, kl:   1798.0, error:  0.17691
[2022-06-13 22:03:56] - root - DEBUG - [ 116/ 500] - elbo:       -5665.0, ll:       -3869.0, kl:   1796.4, error:  0.14166
[2022-06-13 22:03:56] - root - DEBUG - [ 117/ 500] - elbo:       -2584.0, ll:        -758.0, kl:   1826.2, error:  0.14122
[2022-06-13 22:03:56] - root - DEBUG - [ 118/ 500] - elbo:       -3259.0, ll:       -1459.0, kl:   1799.8, error:  0.20946
[2022-06-13 22:03:56] - root - DEBUG - [ 119/ 500] - elbo:       -2455.0, ll:        -705.0, kl:   1750.7, error:  0.18246
[2022-06-13 22:03:56] - root - DEBUG - [ 120/ 500] - elbo:       -3636.0, ll:       -1870.0, kl:   1766.5, error:  0.26105
[2022-06-13 22:03:56] - root - DEBUG - [ 121/ 500] - elbo:       -3668.0, ll:       -1922.0, kl:   1745.6, error:  0.28635
[2022-06-13 22:03:56] - root - DEBUG - [ 122/ 500] - elbo:       -1953.0, ll:        -220.0, kl:   1732.5, error:  0.11222
[2022-06-13 22:03:56] - root - DEBUG - [ 123/ 500] - elbo:       -3846.0, ll:       -2126.0, kl:   1720.2, error:  0.27834
[2022-06-13 22:03:56] - root - DEBUG - [ 124/ 500] - elbo:       -2911.0, ll:       -1180.0, kl:   1731.7, error:  0.19546
[2022-06-13 22:03:56] - root - DEBUG - [ 125/ 500] - elbo:       -3507.0, ll:       -1802.0, kl:   1704.6, error:  0.14148
[2022-06-13 22:03:56] - root - DEBUG - [ 126/ 500] - elbo:       -3402.0, ll:       -1670.0, kl:   1731.1, error:  0.24771
[2022-06-13 22:03:56] - root - DEBUG - [ 127/ 500] - elbo:       -2470.0, ll:        -793.0, kl:   1676.9, error:  0.12561
[2022-06-13 22:03:56] - root - DEBUG - [ 128/ 500] - elbo:       -2563.0, ll:        -853.0, kl:   1709.6, error:  0.19250
[2022-06-13 22:03:56] - root - DEBUG - [ 129/ 500] - elbo:       -2427.0, ll:        -737.0, kl:   1689.2, error:  0.13076
[2022-06-13 22:03:56] - root - DEBUG - [ 130/ 500] - elbo:       -4153.0, ll:       -2440.0, kl:   1713.0, error:  0.25201
[2022-06-13 22:03:56] - root - DEBUG - [ 131/ 500] - elbo:       -3175.0, ll:       -1518.0, kl:   1657.4, error:  0.20093
[2022-06-13 22:03:56] - root - DEBUG - [ 132/ 500] - elbo:       -2438.0, ll:        -752.0, kl:   1686.2, error:  0.14280
[2022-06-13 22:03:56] - root - DEBUG - [ 133/ 500] - elbo:       -2554.0, ll:        -871.0, kl:   1682.6, error:  0.12789
[2022-06-13 22:03:56] - root - DEBUG - [ 134/ 500] - elbo:       -3080.0, ll:       -1378.0, kl:   1702.0, error:  0.23489
[2022-06-13 22:03:56] - root - DEBUG - [ 135/ 500] - elbo:       -4709.0, ll:       -3053.0, kl:   1656.0, error:  0.19469
[2022-06-13 22:03:56] - root - DEBUG - [ 136/ 500] - elbo:       -2251.0, ll:        -595.0, kl:   1656.1, error:  0.18415
[2022-06-13 22:03:56] - root - DEBUG - [ 137/ 500] - elbo:       -4152.0, ll:       -2534.0, kl:   1617.8, error:  0.16104
[2022-06-13 22:03:56] - root - DEBUG - [ 138/ 500] - elbo:       -3614.0, ll:       -1953.0, kl:   1661.3, error:  0.28086
[2022-06-13 22:03:56] - root - DEBUG - [ 139/ 500] - elbo:       -2779.0, ll:       -1121.0, kl:   1658.3, error:  0.16796
[2022-06-13 22:03:56] - root - DEBUG - [ 140/ 500] - elbo:       -3590.0, ll:       -1986.0, kl:   1603.5, error:  0.29440
[2022-06-13 22:03:56] - root - DEBUG - [ 141/ 500] - elbo:       -3456.0, ll:       -1774.0, kl:   1682.7, error:  0.21655
[2022-06-13 22:03:56] - root - DEBUG - [ 142/ 500] - elbo:       -2073.0, ll:        -414.0, kl:   1659.1, error:  0.15221
[2022-06-13 22:03:56] - root - DEBUG - [ 143/ 500] - elbo:       -2408.0, ll:        -802.0, kl:   1606.1, error:  0.11876
[2022-06-13 22:03:56] - root - DEBUG - [ 144/ 500] - elbo:       -2262.0, ll:        -651.0, kl:   1610.9, error:  0.16277
[2022-06-13 22:03:56] - root - DEBUG - [ 145/ 500] - elbo:       -4352.0, ll:       -2753.0, kl:   1599.1, error:  0.25905
[2022-06-13 22:03:57] - root - DEBUG - [ 146/ 500] - elbo:       -2705.0, ll:       -1051.0, kl:   1654.1, error:  0.19353
[2022-06-13 22:03:57] - root - DEBUG - [ 147/ 500] - elbo:       -3257.0, ll:       -1660.0, kl:   1597.4, error:  0.27382
[2022-06-13 22:03:57] - root - DEBUG - [ 148/ 500] - elbo:       -2897.0, ll:       -1320.0, kl:   1577.3, error:  0.20541
[2022-06-13 22:03:57] - root - DEBUG - [ 149/ 500] - elbo:       -2155.0, ll:        -604.0, kl:   1550.6, error:  0.13969
[2022-06-13 22:03:57] - root - DEBUG - [ 150/ 500] - elbo:       -3501.0, ll:       -1909.0, kl:   1592.4, error:  0.27337
[2022-06-13 22:03:57] - root - DEBUG - [ 151/ 500] - elbo:       -3519.0, ll:       -1936.0, kl:   1582.1, error:  0.29319
[2022-06-13 22:03:57] - root - DEBUG - [ 152/ 500] - elbo:       -3830.0, ll:       -2247.0, kl:   1582.6, error:  0.24227
[2022-06-13 22:03:57] - root - DEBUG - [ 153/ 500] - elbo:       -3908.0, ll:       -2340.0, kl:   1568.0, error:  0.28787
[2022-06-13 22:03:57] - root - DEBUG - [ 154/ 500] - elbo:       -2381.0, ll:        -845.0, kl:   1536.1, error:  0.15382
[2022-06-13 22:03:57] - root - DEBUG - [ 155/ 500] - elbo:       -3284.0, ll:       -1697.0, kl:   1587.2, error:  0.20579
[2022-06-13 22:03:57] - root - DEBUG - [ 156/ 500] - elbo:       -5665.0, ll:       -4093.0, kl:   1572.4, error:  0.35548
[2022-06-13 22:03:57] - root - DEBUG - [ 157/ 500] - elbo:       -2918.0, ll:       -1367.0, kl:   1550.6, error:  0.16152
[2022-06-13 22:03:57] - root - DEBUG - [ 158/ 500] - elbo:       -3256.0, ll:       -1714.0, kl:   1542.3, error:  0.14688
[2022-06-13 22:03:57] - root - DEBUG - [ 159/ 500] - elbo:       -2464.0, ll:        -933.0, kl:   1531.0, error:  0.13625
[2022-06-13 22:03:57] - root - DEBUG - [ 160/ 500] - elbo:       -2395.0, ll:        -888.0, kl:   1506.5, error:  0.14203
[2022-06-13 22:03:57] - root - DEBUG - [ 161/ 500] - elbo:       -2473.0, ll:        -939.0, kl:   1533.5, error:  0.18350
[2022-06-13 22:03:57] - root - DEBUG - [ 162/ 500] - elbo:       -2200.0, ll:        -665.0, kl:   1534.5, error:  0.17350
[2022-06-13 22:03:57] - root - DEBUG - [ 163/ 500] - elbo:       -3831.0, ll:       -2289.0, kl:   1542.0, error:  0.25621
[2022-06-13 22:03:57] - root - DEBUG - [ 164/ 500] - elbo:       -4317.0, ll:       -2743.0, kl:   1573.6, error:  0.31970
[2022-06-13 22:03:57] - root - DEBUG - [ 165/ 500] - elbo:       -3104.0, ll:       -1629.0, kl:   1475.2, error:  0.27838
[2022-06-13 22:03:57] - root - DEBUG - [ 166/ 500] - elbo:       -3327.0, ll:       -1816.0, kl:   1510.3, error:  0.29602
[2022-06-13 22:03:57] - root - DEBUG - [ 167/ 500] - elbo:       -1830.0, ll:        -322.0, kl:   1508.7, error:  0.14002
[2022-06-13 22:03:57] - root - DEBUG - [ 168/ 500] - elbo:       -2130.0, ll:        -644.0, kl:   1486.5, error:  0.13483
[2022-06-13 22:03:57] - root - DEBUG - [ 169/ 500] - elbo:       -5011.0, ll:       -3517.0, kl:   1494.0, error:  0.13591
[2022-06-13 22:03:57] - root - DEBUG - [ 170/ 500] - elbo:       -2689.0, ll:       -1171.0, kl:   1518.1, error:  0.23883
[2022-06-13 22:03:57] - root - DEBUG - [ 171/ 500] - elbo:       -2959.0, ll:       -1443.0, kl:   1515.8, error:  0.20700
[2022-06-13 22:03:57] - root - DEBUG - [ 172/ 500] - elbo:       -2670.0, ll:       -1179.0, kl:   1491.4, error:  0.13418
[2022-06-13 22:03:57] - root - DEBUG - [ 173/ 500] - elbo:       -2136.0, ll:        -658.0, kl:   1478.0, error:  0.18696
[2022-06-13 22:03:57] - root - DEBUG - [ 174/ 500] - elbo:       -8757.0, ll:       -7293.0, kl:   1464.3, error:  0.29262
[2022-06-13 22:03:57] - root - DEBUG - [ 175/ 500] - elbo:       -3501.0, ll:       -2034.0, kl:   1467.2, error:  0.18807
[2022-06-13 22:03:57] - root - DEBUG - [ 176/ 500] - elbo:       -2530.0, ll:       -1065.0, kl:   1464.7, error:  0.20382
[2022-06-13 22:03:57] - root - DEBUG - [ 177/ 500] - elbo:       -2330.0, ll:        -852.0, kl:   1478.9, error:  0.19269
[2022-06-13 22:03:57] - root - DEBUG - [ 178/ 500] - elbo:       -4646.0, ll:       -3139.0, kl:   1507.0, error:  0.25250
[2022-06-13 22:03:57] - root - DEBUG - [ 179/ 500] - elbo:       -3015.0, ll:       -1483.0, kl:   1532.1, error:  0.22671
[2022-06-13 22:03:57] - root - DEBUG - [ 180/ 500] - elbo:       -2614.0, ll:       -1143.0, kl:   1471.0, error:  0.20068
[2022-06-13 22:03:57] - root - DEBUG - [ 181/ 500] - elbo:       -3374.0, ll:       -1881.0, kl:   1492.7, error:  0.21879
[2022-06-13 22:03:57] - root - DEBUG - [ 182/ 500] - elbo:       -4815.0, ll:       -3371.0, kl:   1443.4, error:  0.21216
[2022-06-13 22:03:57] - root - DEBUG - [ 183/ 500] - elbo:       -1708.0, ll:        -222.0, kl:   1486.2, error:  0.12916
[2022-06-13 22:03:57] - root - DEBUG - [ 184/ 500] - elbo:       -2921.0, ll:       -1404.0, kl:   1517.0, error:  0.24096
[2022-06-13 22:03:57] - root - DEBUG - [ 185/ 500] - elbo:       -2468.0, ll:       -1004.0, kl:   1463.6, error:  0.24065
[2022-06-13 22:03:57] - root - DEBUG - [ 186/ 500] - elbo:       -2620.0, ll:       -1150.0, kl:   1469.8, error:  0.13838
[2022-06-13 22:03:57] - root - DEBUG - [ 187/ 500] - elbo:       -2287.0, ll:        -827.0, kl:   1459.8, error:  0.20452
[2022-06-13 22:03:57] - root - DEBUG - [ 188/ 500] - elbo:       -3467.0, ll:       -1969.0, kl:   1498.0, error:  0.24162
[2022-06-13 22:03:57] - root - DEBUG - [ 189/ 500] - elbo:       -5148.0, ll:       -3712.0, kl:   1435.6, error:  0.33232
[2022-06-13 22:03:57] - root - DEBUG - [ 190/ 500] - elbo:       -2320.0, ll:        -826.0, kl:   1494.5, error:  0.16061
[2022-06-13 22:03:57] - root - DEBUG - [ 191/ 500] - elbo:       -3909.0, ll:       -2461.0, kl:   1448.5, error:  0.34400
[2022-06-13 22:03:57] - root - DEBUG - [ 192/ 500] - elbo:       -2611.0, ll:       -1160.0, kl:   1451.2, error:  0.25990
[2022-06-13 22:03:57] - root - DEBUG - [ 193/ 500] - elbo:       -2747.0, ll:       -1282.0, kl:   1464.5, error:  0.14889
[2022-06-13 22:03:59] - root - DEBUG - [ 194/ 500] - elbo:       -1718.0, ll:        -284.0, kl:   1434.3, error:  0.14361
[2022-06-13 22:04:01] - root - DEBUG - [ 195/ 500] - elbo:       -3847.0, ll:       -2393.0, kl:   1454.4, error:  0.18931
[2022-06-13 22:04:03] - root - DEBUG - [ 196/ 500] - elbo:       -4136.0, ll:       -2690.0, kl:   1445.3, error:  0.29793
[2022-06-13 22:04:04] - root - DEBUG - [ 197/ 500] - elbo:       -2524.0, ll:       -1086.0, kl:   1438.6, error:  0.23959
[2022-06-13 22:04:05] - root - DEBUG - [ 198/ 500] - elbo:       -1857.0, ll:        -438.0, kl:   1419.5, error:  0.15584
[2022-06-13 22:04:07] - root - DEBUG - [ 199/ 500] - elbo:       -7735.0, ll:       -6286.0, kl:   1449.1, error:  0.42844
[2022-06-13 22:04:07] - root - DEBUG - [ 200/ 500] - elbo:       -2407.0, ll:        -933.0, kl:   1474.0, error:  0.15071
[2022-06-13 22:04:07] - root - INFO - Epoch   200 - elbo:       -2407.0, ll:        -933.0, kl:   1474.0, error:  0.15071
[2022-06-13 22:04:08] - root - DEBUG - [ 201/ 500] - elbo:       -3882.0, ll:       -2473.0, kl:   1408.9, error:  0.17263
[2022-06-13 22:04:08] - root - DEBUG - [ 202/ 500] - elbo:       -2703.0, ll:       -1285.0, kl:   1417.7, error:  0.19022
[2022-06-13 22:04:08] - root - DEBUG - [ 203/ 500] - elbo:       -2488.0, ll:       -1116.0, kl:   1372.3, error:  0.15289
[2022-06-13 22:04:08] - root - DEBUG - [ 204/ 500] - elbo:       -3165.0, ll:       -1753.0, kl:   1412.0, error:  0.17597
[2022-06-13 22:04:08] - root - DEBUG - [ 205/ 500] - elbo:       -2203.0, ll:        -808.0, kl:   1395.0, error:  0.17137
[2022-06-13 22:04:08] - root - DEBUG - [ 206/ 500] - elbo:       -1905.0, ll:        -518.0, kl:   1386.9, error:  0.16133
[2022-06-13 22:04:08] - root - DEBUG - [ 207/ 500] - elbo:       -3730.0, ll:       -2329.0, kl:   1401.5, error:  0.35172
[2022-06-13 22:04:08] - root - DEBUG - [ 208/ 500] - elbo:       -2202.0, ll:        -790.0, kl:   1411.9, error:  0.13649
[2022-06-13 22:04:08] - root - DEBUG - [ 209/ 500] - elbo:       -2175.0, ll:        -762.0, kl:   1412.4, error:  0.15417
[2022-06-13 22:04:08] - root - DEBUG - [ 210/ 500] - elbo:       -1728.0, ll:        -283.0, kl:   1445.3, error:  0.14248
[2022-06-13 22:04:08] - root - DEBUG - [ 211/ 500] - elbo:       -7554.0, ll:       -6148.0, kl:   1406.2, error:  0.56708
[2022-06-13 22:04:08] - root - DEBUG - [ 212/ 500] - elbo:       -2160.0, ll:        -774.0, kl:   1386.4, error:  0.15122
[2022-06-13 22:04:08] - root - DEBUG - [ 213/ 500] - elbo:       -3977.0, ll:       -2594.0, kl:   1382.8, error:  0.21834
[2022-06-13 22:04:08] - root - DEBUG - [ 214/ 500] - elbo:       -3388.0, ll:       -1941.0, kl:   1446.2, error:  0.24431
[2022-06-13 22:04:08] - root - DEBUG - [ 215/ 500] - elbo:       -1972.0, ll:        -556.0, kl:   1415.6, error:  0.12344
[2022-06-13 22:04:08] - root - DEBUG - [ 216/ 500] - elbo:       -2163.0, ll:        -739.0, kl:   1423.9, error:  0.22078
[2022-06-13 22:04:08] - root - DEBUG - [ 217/ 500] - elbo:       -1670.0, ll:        -253.0, kl:   1416.7, error:  0.14381
[2022-06-13 22:04:08] - root - DEBUG - [ 218/ 500] - elbo:       -3393.0, ll:       -1992.0, kl:   1401.1, error:  0.20450
[2022-06-13 22:04:08] - root - DEBUG - [ 219/ 500] - elbo:       -2264.0, ll:        -795.0, kl:   1469.2, error:  0.13403
[2022-06-13 22:04:08] - root - DEBUG - [ 220/ 500] - elbo:       -2237.0, ll:        -779.0, kl:   1458.0, error:  0.21389
[2022-06-13 22:04:08] - root - DEBUG - [ 221/ 500] - elbo:       -4249.0, ll:       -2881.0, kl:   1368.6, error:  0.23579
[2022-06-13 22:04:09] - root - DEBUG - [ 222/ 500] - elbo:       -3090.0, ll:       -1697.0, kl:   1393.7, error:  0.17071
[2022-06-13 22:04:09] - root - DEBUG - [ 223/ 500] - elbo:       -3079.0, ll:       -1672.0, kl:   1407.5, error:  0.27644
[2022-06-13 22:04:09] - root - DEBUG - [ 224/ 500] - elbo:       -2085.0, ll:        -674.0, kl:   1410.4, error:  0.18160
[2022-06-13 22:04:09] - root - DEBUG - [ 225/ 500] - elbo:       -1687.0, ll:        -285.0, kl:   1401.6, error:  0.13889
[2022-06-13 22:04:09] - root - DEBUG - [ 226/ 500] - elbo:       -2177.0, ll:        -802.0, kl:   1375.0, error:  0.17951
[2022-06-13 22:04:09] - root - DEBUG - [ 227/ 500] - elbo:       -2386.0, ll:        -989.0, kl:   1396.9, error:  0.23616
[2022-06-13 22:04:09] - root - DEBUG - [ 228/ 500] - elbo:       -3058.0, ll:       -1680.0, kl:   1377.8, error:  0.16842
[2022-06-13 22:04:09] - root - DEBUG - [ 229/ 500] - elbo:       -2021.0, ll:        -605.0, kl:   1415.9, error:  0.13636
[2022-06-13 22:04:09] - root - DEBUG - [ 230/ 500] - elbo:       -2103.0, ll:        -740.0, kl:   1363.2, error:  0.13787
[2022-06-13 22:04:09] - root - DEBUG - [ 231/ 500] - elbo:       -3527.0, ll:       -2163.0, kl:   1364.0, error:  0.28752
[2022-06-13 22:04:09] - root - DEBUG - [ 232/ 500] - elbo:       -2182.0, ll:        -819.0, kl:   1362.9, error:  0.18958
[2022-06-13 22:04:09] - root - DEBUG - [ 233/ 500] - elbo:       -4039.0, ll:       -2685.0, kl:   1354.3, error:  0.18501
[2022-06-13 22:04:09] - root - DEBUG - [ 234/ 500] - elbo:       -2282.0, ll:        -923.0, kl:   1359.0, error:  0.18234
[2022-06-13 22:04:09] - root - DEBUG - [ 235/ 500] - elbo:       -1888.0, ll:        -530.0, kl:   1358.3, error:  0.14689
[2022-06-13 22:04:09] - root - DEBUG - [ 236/ 500] - elbo:       -2120.0, ll:        -696.0, kl:   1424.2, error:  0.20490
[2022-06-13 22:04:09] - root - DEBUG - [ 237/ 500] - elbo:       -1753.0, ll:        -363.0, kl:   1390.3, error:  0.13015
[2022-06-13 22:04:09] - root - DEBUG - [ 238/ 500] - elbo:       -2335.0, ll:        -956.0, kl:   1379.2, error:  0.23541
[2022-06-13 22:04:09] - root - DEBUG - [ 239/ 500] - elbo:       -2462.0, ll:       -1057.0, kl:   1405.0, error:  0.25579
[2022-06-13 22:04:09] - root - DEBUG - [ 240/ 500] - elbo:       -1682.0, ll:        -317.0, kl:   1365.7, error:  0.13799
[2022-06-13 22:04:09] - root - DEBUG - [ 241/ 500] - elbo:       -2129.0, ll:        -767.0, kl:   1362.1, error:  0.13422
[2022-06-13 22:04:09] - root - DEBUG - [ 242/ 500] - elbo:       -2000.0, ll:        -619.0, kl:   1381.8, error:  0.19467
[2022-06-13 22:04:09] - root - DEBUG - [ 243/ 500] - elbo:       -2767.0, ll:       -1443.0, kl:   1324.0, error:  0.30662
[2022-06-13 22:04:09] - root - DEBUG - [ 244/ 500] - elbo:       -4065.0, ll:       -2741.0, kl:   1324.5, error:  0.40611
[2022-06-13 22:04:09] - root - DEBUG - [ 245/ 500] - elbo:       -1699.0, ll:        -334.0, kl:   1364.4, error:  0.16122
[2022-06-13 22:04:09] - root - DEBUG - [ 246/ 500] - elbo:       -1974.0, ll:        -617.0, kl:   1357.0, error:  0.20928
[2022-06-13 22:04:09] - root - DEBUG - [ 247/ 500] - elbo:       -2843.0, ll:       -1476.0, kl:   1367.9, error:  0.25343
[2022-06-13 22:04:09] - root - DEBUG - [ 248/ 500] - elbo:       -2262.0, ll:        -880.0, kl:   1382.5, error:  0.17264
[2022-06-13 22:04:09] - root - DEBUG - [ 249/ 500] - elbo:       -2240.0, ll:        -861.0, kl:   1379.2, error:  0.20009
[2022-06-13 22:04:09] - root - DEBUG - [ 250/ 500] - elbo:       -3079.0, ll:       -1737.0, kl:   1342.0, error:  0.28238
[2022-06-13 22:04:09] - root - DEBUG - [ 251/ 500] - elbo:       -3002.0, ll:       -1636.0, kl:   1365.5, error:  0.22128
[2022-06-13 22:04:09] - root - DEBUG - [ 252/ 500] - elbo:       -2609.0, ll:       -1247.0, kl:   1361.4, error:  0.23754
[2022-06-13 22:04:09] - root - DEBUG - [ 253/ 500] - elbo:       -1840.0, ll:        -484.0, kl:   1356.0, error:  0.16124
[2022-06-13 22:04:09] - root - DEBUG - [ 254/ 500] - elbo:       -3519.0, ll:       -2100.0, kl:   1419.0, error:  0.35700
[2022-06-13 22:04:09] - root - DEBUG - [ 255/ 500] - elbo:       -1652.0, ll:        -304.0, kl:   1347.9, error:  0.14411
[2022-06-13 22:04:09] - root - DEBUG - [ 256/ 500] - elbo:       -1619.0, ll:        -271.0, kl:   1348.3, error:  0.11669
[2022-06-13 22:04:09] - root - DEBUG - [ 257/ 500] - elbo:       -4316.0, ll:       -3002.0, kl:   1314.3, error:  0.31757
[2022-06-13 22:04:09] - root - DEBUG - [ 258/ 500] - elbo:       -1923.0, ll:        -583.0, kl:   1340.4, error:  0.11813
[2022-06-13 22:04:09] - root - DEBUG - [ 259/ 500] - elbo:       -1720.0, ll:        -388.0, kl:   1332.1, error:  0.12625
[2022-06-13 22:04:10] - root - DEBUG - [ 260/ 500] - elbo:       -2594.0, ll:       -1293.0, kl:   1300.9, error:  0.29290
[2022-06-13 22:04:10] - root - DEBUG - [ 261/ 500] - elbo:       -2314.0, ll:        -966.0, kl:   1348.0, error:  0.20237
[2022-06-13 22:04:10] - root - DEBUG - [ 262/ 500] - elbo:       -1927.0, ll:        -579.0, kl:   1347.9, error:  0.15817
[2022-06-13 22:04:10] - root - DEBUG - [ 263/ 500] - elbo:       -1828.0, ll:        -430.0, kl:   1397.3, error:  0.13822
[2022-06-13 22:04:10] - root - DEBUG - [ 264/ 500] - elbo:       -1680.0, ll:        -378.0, kl:   1302.1, error:  0.14047
[2022-06-13 22:04:10] - root - DEBUG - [ 265/ 500] - elbo:       -2619.0, ll:       -1251.0, kl:   1368.7, error:  0.19803
[2022-06-13 22:04:10] - root - DEBUG - [ 266/ 500] - elbo:       -2677.0, ll:       -1305.0, kl:   1372.5, error:  0.25089
[2022-06-13 22:04:10] - root - DEBUG - [ 267/ 500] - elbo:       -1926.0, ll:        -585.0, kl:   1341.0, error:  0.14124
[2022-06-13 22:04:10] - root - DEBUG - [ 268/ 500] - elbo:       -2233.0, ll:        -887.0, kl:   1346.6, error:  0.19842
[2022-06-13 22:04:10] - root - DEBUG - [ 269/ 500] - elbo:       -2153.0, ll:        -835.0, kl:   1318.3, error:  0.15097
[2022-06-13 22:04:10] - root - DEBUG - [ 270/ 500] - elbo:       -2048.0, ll:        -746.0, kl:   1302.5, error:  0.22514
[2022-06-13 22:04:10] - root - DEBUG - [ 271/ 500] - elbo:       -2019.0, ll:        -657.0, kl:   1362.3, error:  0.22124
[2022-06-13 22:04:10] - root - DEBUG - [ 272/ 500] - elbo:       -2250.0, ll:        -916.0, kl:   1334.2, error:  0.11488
[2022-06-13 22:04:10] - root - DEBUG - [ 273/ 500] - elbo:       -2653.0, ll:       -1304.0, kl:   1348.5, error:  0.29657
[2022-06-13 22:04:10] - root - DEBUG - [ 274/ 500] - elbo:       -1678.0, ll:        -326.0, kl:   1352.1, error:  0.14030
[2022-06-13 22:04:10] - root - DEBUG - [ 275/ 500] - elbo:       -2065.0, ll:        -705.0, kl:   1360.2, error:  0.18869
[2022-06-13 22:04:10] - root - DEBUG - [ 276/ 500] - elbo:       -2496.0, ll:       -1101.0, kl:   1395.0, error:  0.21119
[2022-06-13 22:04:10] - root - DEBUG - [ 277/ 500] - elbo:       -2011.0, ll:        -713.0, kl:   1298.8, error:  0.16982
[2022-06-13 22:04:10] - root - DEBUG - [ 278/ 500] - elbo:       -2306.0, ll:        -949.0, kl:   1356.4, error:  0.25319
[2022-06-13 22:04:10] - root - DEBUG - [ 279/ 500] - elbo:       -1876.0, ll:        -513.0, kl:   1363.1, error:  0.19597
[2022-06-13 22:04:10] - root - DEBUG - [ 280/ 500] - elbo:       -2808.0, ll:       -1493.0, kl:   1314.7, error:  0.17290
[2022-06-13 22:04:10] - root - DEBUG - [ 281/ 500] - elbo:       -1781.0, ll:        -395.0, kl:   1385.9, error:  0.17964
[2022-06-13 22:04:10] - root - DEBUG - [ 282/ 500] - elbo:       -1887.0, ll:        -524.0, kl:   1363.1, error:  0.18716
[2022-06-13 22:04:10] - root - DEBUG - [ 283/ 500] - elbo:       -1969.0, ll:        -668.0, kl:   1300.6, error:  0.19459
[2022-06-13 22:04:10] - root - DEBUG - [ 284/ 500] - elbo:       -1560.0, ll:        -246.0, kl:   1314.1, error:  0.13104
[2022-06-13 22:04:10] - root - DEBUG - [ 285/ 500] - elbo:       -1575.0, ll:        -241.0, kl:   1334.6, error:  0.13603
[2022-06-13 22:04:10] - root - DEBUG - [ 286/ 500] - elbo:       -1676.0, ll:        -320.0, kl:   1355.2, error:  0.17771
[2022-06-13 22:04:10] - root - DEBUG - [ 287/ 500] - elbo:       -2830.0, ll:       -1493.0, kl:   1336.9, error:  0.12611
[2022-06-13 22:04:10] - root - DEBUG - [ 288/ 500] - elbo:       -2059.0, ll:        -740.0, kl:   1319.2, error:  0.18049
[2022-06-13 22:04:10] - root - DEBUG - [ 289/ 500] - elbo:       -1398.0, ll:         -92.0, kl:   1306.7, error:  0.12512
[2022-06-13 22:04:10] - root - DEBUG - [ 290/ 500] - elbo:       -2442.0, ll:       -1132.0, kl:   1309.9, error:  0.15360
[2022-06-13 22:04:10] - root - DEBUG - [ 291/ 500] - elbo:       -2054.0, ll:        -770.0, kl:   1284.0, error:  0.21051
[2022-06-13 22:04:10] - root - DEBUG - [ 292/ 500] - elbo:       -4277.0, ll:       -2944.0, kl:   1332.9, error:  0.22897
[2022-06-13 22:04:10] - root - DEBUG - [ 293/ 500] - elbo:       -2044.0, ll:        -698.0, kl:   1345.6, error:  0.19100
[2022-06-13 22:04:10] - root - DEBUG - [ 294/ 500] - elbo:       -2510.0, ll:       -1204.0, kl:   1306.0, error:  0.27925
[2022-06-13 22:04:10] - root - DEBUG - [ 295/ 500] - elbo:       -1706.0, ll:        -321.0, kl:   1385.5, error:  0.14145
[2022-06-13 22:04:10] - root - DEBUG - [ 296/ 500] - elbo:       -1476.0, ll:        -115.0, kl:   1360.5, error:  0.11650
[2022-06-13 22:04:10] - root - DEBUG - [ 297/ 500] - elbo:       -1945.0, ll:        -667.0, kl:   1277.2, error:  0.17036
[2022-06-13 22:04:10] - root - DEBUG - [ 298/ 500] - elbo:       -1776.0, ll:        -458.0, kl:   1318.2, error:  0.18886
[2022-06-13 22:04:11] - root - DEBUG - [ 299/ 500] - elbo:       -1540.0, ll:        -250.0, kl:   1289.6, error:  0.13653
[2022-06-13 22:04:11] - root - DEBUG - [ 300/ 500] - elbo:       -2493.0, ll:       -1141.0, kl:   1352.0, error:  0.17363
[2022-06-13 22:04:11] - root - INFO - Epoch   300 - elbo:       -2493.0, ll:       -1141.0, kl:   1352.0, error:  0.17363
[2022-06-13 22:04:11] - root - DEBUG - [ 301/ 500] - elbo:       -1896.0, ll:        -562.0, kl:   1333.0, error:  0.18090
[2022-06-13 22:04:11] - root - DEBUG - [ 302/ 500] - elbo:       -2634.0, ll:       -1278.0, kl:   1356.1, error:  0.27316
[2022-06-13 22:04:11] - root - DEBUG - [ 303/ 500] - elbo:       -3396.0, ll:       -2109.0, kl:   1287.0, error:  0.25614
[2022-06-13 22:04:11] - root - DEBUG - [ 304/ 500] - elbo:       -1680.0, ll:        -344.0, kl:   1336.7, error:  0.18208
[2022-06-13 22:04:11] - root - DEBUG - [ 305/ 500] - elbo:       -2190.0, ll:        -898.0, kl:   1291.9, error:  0.11916
[2022-06-13 22:04:11] - root - DEBUG - [ 306/ 500] - elbo:       -1960.0, ll:        -687.0, kl:   1273.3, error:  0.20599
[2022-06-13 22:04:11] - root - DEBUG - [ 307/ 500] - elbo:       -1831.0, ll:        -531.0, kl:   1299.3, error:  0.18242
[2022-06-13 22:04:11] - root - DEBUG - [ 308/ 500] - elbo:       -1392.0, ll:         -52.0, kl:   1340.5, error:  0.10659
[2022-06-13 22:04:11] - root - DEBUG - [ 309/ 500] - elbo:       -2158.0, ll:        -865.0, kl:   1293.3, error:  0.20833
[2022-06-13 22:04:11] - root - DEBUG - [ 310/ 500] - elbo:       -2490.0, ll:       -1170.0, kl:   1319.3, error:  0.19738
[2022-06-13 22:04:11] - root - DEBUG - [ 311/ 500] - elbo:       -1940.0, ll:        -670.0, kl:   1269.3, error:  0.21427
[2022-06-13 22:04:11] - root - DEBUG - [ 312/ 500] - elbo:       -1848.0, ll:        -574.0, kl:   1274.3, error:  0.20388
[2022-06-13 22:04:11] - root - DEBUG - [ 313/ 500] - elbo:       -1875.0, ll:        -568.0, kl:   1307.1, error:  0.13128
[2022-06-13 22:04:11] - root - DEBUG - [ 314/ 500] - elbo:       -2462.0, ll:       -1198.0, kl:   1264.3, error:  0.13879
[2022-06-13 22:04:11] - root - DEBUG - [ 315/ 500] - elbo:       -1684.0, ll:        -386.0, kl:   1298.1, error:  0.13244
[2022-06-13 22:04:11] - root - DEBUG - [ 316/ 500] - elbo:       -1646.0, ll:        -323.0, kl:   1322.5, error:  0.13136
[2022-06-13 22:04:11] - root - DEBUG - [ 317/ 500] - elbo:       -2316.0, ll:       -1025.0, kl:   1291.5, error:  0.21499
[2022-06-13 22:04:11] - root - DEBUG - [ 318/ 500] - elbo:       -1730.0, ll:        -406.0, kl:   1324.1, error:  0.17124
[2022-06-13 22:04:11] - root - DEBUG - [ 319/ 500] - elbo:       -1810.0, ll:        -451.0, kl:   1359.7, error:  0.16883
[2022-06-13 22:04:11] - root - DEBUG - [ 320/ 500] - elbo:       -1423.0, ll:        -127.0, kl:   1296.2, error:  0.13628
[2022-06-13 22:04:11] - root - DEBUG - [ 321/ 500] - elbo:       -1859.0, ll:        -536.0, kl:   1322.9, error:  0.12139
[2022-06-13 22:04:11] - root - DEBUG - [ 322/ 500] - elbo:       -2183.0, ll:        -892.0, kl:   1290.2, error:  0.19438
[2022-06-13 22:04:11] - root - DEBUG - [ 323/ 500] - elbo:       -1726.0, ll:        -409.0, kl:   1316.9, error:  0.16819
[2022-06-13 22:04:11] - root - DEBUG - [ 324/ 500] - elbo:       -2244.0, ll:        -910.0, kl:   1333.8, error:  0.13040
[2022-06-13 22:04:11] - root - DEBUG - [ 325/ 500] - elbo:       -1403.0, ll:        -117.0, kl:   1285.5, error:  0.12437
[2022-06-13 22:04:11] - root - DEBUG - [ 326/ 500] - elbo:       -2556.0, ll:       -1265.0, kl:   1290.8, error:  0.23600
[2022-06-13 22:04:11] - root - DEBUG - [ 327/ 500] - elbo:       -1377.0, ll:        -114.0, kl:   1263.5, error:  0.12420
[2022-06-13 22:04:11] - root - DEBUG - [ 328/ 500] - elbo:       -2014.0, ll:        -694.0, kl:   1320.4, error:  0.13439
[2022-06-13 22:04:11] - root - DEBUG - [ 329/ 500] - elbo:       -3540.0, ll:       -2263.0, kl:   1277.1, error:  0.33981
[2022-06-13 22:04:12] - root - DEBUG - [ 330/ 500] - elbo:       -1738.0, ll:        -473.0, kl:   1265.3, error:  0.14760
[2022-06-13 22:04:12] - root - DEBUG - [ 331/ 500] - elbo:       -1746.0, ll:        -465.0, kl:   1280.5, error:  0.16263
[2022-06-13 22:04:12] - root - DEBUG - [ 332/ 500] - elbo:       -1772.0, ll:        -506.0, kl:   1266.2, error:  0.19560
[2022-06-13 22:04:12] - root - DEBUG - [ 333/ 500] - elbo:       -1733.0, ll:        -464.0, kl:   1269.2, error:  0.12633
[2022-06-13 22:04:12] - root - DEBUG - [ 334/ 500] - elbo:       -2372.0, ll:       -1092.0, kl:   1279.7, error:  0.29074
[2022-06-13 22:04:12] - root - DEBUG - [ 335/ 500] - elbo:       -1727.0, ll:        -423.0, kl:   1303.9, error:  0.14192
[2022-06-13 22:04:12] - root - DEBUG - [ 336/ 500] - elbo:       -2333.0, ll:       -1025.0, kl:   1308.6, error:  0.27835
[2022-06-13 22:04:12] - root - DEBUG - [ 337/ 500] - elbo:       -1751.0, ll:        -460.0, kl:   1291.6, error:  0.15027
[2022-06-13 22:04:12] - root - DEBUG - [ 338/ 500] - elbo:       -2176.0, ll:        -918.0, kl:   1257.6, error:  0.27416
[2022-06-13 22:04:12] - root - DEBUG - [ 339/ 500] - elbo:       -2544.0, ll:       -1311.0, kl:   1232.7, error:  0.21387
[2022-06-13 22:04:12] - root - DEBUG - [ 340/ 500] - elbo:       -1501.0, ll:        -188.0, kl:   1313.2, error:  0.15220
[2022-06-13 22:04:12] - root - DEBUG - [ 341/ 500] - elbo:       -2597.0, ll:       -1322.0, kl:   1275.7, error:  0.24925
[2022-06-13 22:04:12] - root - DEBUG - [ 342/ 500] - elbo:       -1538.0, ll:        -239.0, kl:   1299.5, error:  0.13374
[2022-06-13 22:04:12] - root - DEBUG - [ 343/ 500] - elbo:       -1957.0, ll:        -656.0, kl:   1301.0, error:  0.15291
[2022-06-13 22:04:12] - root - DEBUG - [ 344/ 500] - elbo:       -1357.0, ll:        -115.0, kl:   1241.2, error:  0.13312
[2022-06-13 22:04:12] - root - DEBUG - [ 345/ 500] - elbo:       -1519.0, ll:        -237.0, kl:   1281.6, error:  0.16363
[2022-06-13 22:04:12] - root - DEBUG - [ 346/ 500] - elbo:       -2702.0, ll:       -1438.0, kl:   1263.8, error:  0.15307
[2022-06-13 22:04:12] - root - DEBUG - [ 347/ 500] - elbo:       -1556.0, ll:        -269.0, kl:   1286.9, error:  0.12096
[2022-06-13 22:04:12] - root - DEBUG - [ 348/ 500] - elbo:       -2393.0, ll:       -1118.0, kl:   1275.1, error:  0.27158
[2022-06-13 22:04:12] - root - DEBUG - [ 349/ 500] - elbo:       -1716.0, ll:        -462.0, kl:   1253.8, error:  0.12667
[2022-06-13 22:04:12] - root - DEBUG - [ 350/ 500] - elbo:       -1469.0, ll:        -213.0, kl:   1255.5, error:  0.14314
[2022-06-13 22:04:12] - root - DEBUG - [ 351/ 500] - elbo:       -2047.0, ll:        -778.0, kl:   1269.6, error:  0.24471
[2022-06-13 22:04:12] - root - DEBUG - [ 352/ 500] - elbo:       -3296.0, ll:       -2038.0, kl:   1257.7, error:  0.28909
[2022-06-13 22:04:12] - root - DEBUG - [ 353/ 500] - elbo:       -1750.0, ll:        -517.0, kl:   1233.0, error:  0.22116
[2022-06-13 22:04:12] - root - DEBUG - [ 354/ 500] - elbo:       -1514.0, ll:        -259.0, kl:   1255.2, error:  0.13453
[2022-06-13 22:04:12] - root - DEBUG - [ 355/ 500] - elbo:       -1726.0, ll:        -441.0, kl:   1284.3, error:  0.13990
[2022-06-13 22:04:12] - root - DEBUG - [ 356/ 500] - elbo:       -1494.0, ll:        -208.0, kl:   1286.7, error:  0.15170
[2022-06-13 22:04:12] - root - DEBUG - [ 357/ 500] - elbo:       -1607.0, ll:        -342.0, kl:   1264.7, error:  0.15793
[2022-06-13 22:04:12] - root - DEBUG - [ 358/ 500] - elbo:       -1544.0, ll:        -253.0, kl:   1291.1, error:  0.17231
[2022-06-13 22:04:12] - root - DEBUG - [ 359/ 500] - elbo:       -2372.0, ll:       -1052.0, kl:   1319.6, error:  0.29002
[2022-06-13 22:04:12] - root - DEBUG - [ 360/ 500] - elbo:       -2216.0, ll:        -939.0, kl:   1276.2, error:  0.20824
[2022-06-13 22:04:12] - root - DEBUG - [ 361/ 500] - elbo:       -1389.0, ll:        -121.0, kl:   1267.7, error:  0.14008
[2022-06-13 22:04:12] - root - DEBUG - [ 362/ 500] - elbo:       -1623.0, ll:        -319.0, kl:   1304.7, error:  0.18933
[2022-06-13 22:04:12] - root - DEBUG - [ 363/ 500] - elbo:       -4077.0, ll:       -2823.0, kl:   1253.2, error:  0.38906
[2022-06-13 22:04:12] - root - DEBUG - [ 364/ 500] - elbo:       -1300.0, ll:         -68.0, kl:   1232.2, error:  0.11879
[2022-06-13 22:04:12] - root - DEBUG - [ 365/ 500] - elbo:       -1590.0, ll:        -275.0, kl:   1315.7, error:  0.16008
[2022-06-13 22:04:12] - root - DEBUG - [ 366/ 500] - elbo:       -1566.0, ll:        -253.0, kl:   1312.6, error:  0.16048
[2022-06-13 22:04:12] - root - DEBUG - [ 367/ 500] - elbo:       -1658.0, ll:        -385.0, kl:   1272.7, error:  0.18901
[2022-06-13 22:04:12] - root - DEBUG - [ 368/ 500] - elbo:       -1747.0, ll:        -479.0, kl:   1267.8, error:  0.19430
[2022-06-13 22:04:12] - root - DEBUG - [ 369/ 500] - elbo:       -1424.0, ll:        -101.0, kl:   1323.3, error:  0.14064
[2022-06-13 22:04:12] - root - DEBUG - [ 370/ 500] - elbo:       -1692.0, ll:        -427.0, kl:   1265.2, error:  0.19407
[2022-06-13 22:04:12] - root - DEBUG - [ 371/ 500] - elbo:       -1602.0, ll:        -344.0, kl:   1258.3, error:  0.16640
[2022-06-13 22:04:13] - root - DEBUG - [ 372/ 500] - elbo:       -1522.0, ll:        -274.0, kl:   1248.2, error:  0.12720
[2022-06-13 22:04:13] - root - DEBUG - [ 373/ 500] - elbo:       -1683.0, ll:        -442.0, kl:   1241.4, error:  0.18804
[2022-06-13 22:04:13] - root - DEBUG - [ 374/ 500] - elbo:       -1417.0, ll:         -83.0, kl:   1334.6, error:  0.13195
[2022-06-13 22:04:13] - root - DEBUG - [ 375/ 500] - elbo:       -1516.0, ll:        -244.0, kl:   1271.7, error:  0.14266
[2022-06-13 22:04:13] - root - DEBUG - [ 376/ 500] - elbo:       -2044.0, ll:        -786.0, kl:   1257.7, error:  0.14708
[2022-06-13 22:04:13] - root - DEBUG - [ 377/ 500] - elbo:       -1645.0, ll:        -407.0, kl:   1237.8, error:  0.14942
[2022-06-13 22:04:13] - root - DEBUG - [ 378/ 500] - elbo:       -1635.0, ll:        -389.0, kl:   1246.2, error:  0.16998
[2022-06-13 22:04:13] - root - DEBUG - [ 379/ 500] - elbo:       -1455.0, ll:        -201.0, kl:   1254.3, error:  0.14289
[2022-06-13 22:04:13] - root - DEBUG - [ 380/ 500] - elbo:       -1663.0, ll:        -368.0, kl:   1295.0, error:  0.13832
[2022-06-13 22:04:13] - root - DEBUG - [ 381/ 500] - elbo:       -1587.0, ll:        -343.0, kl:   1243.6, error:  0.14607
[2022-06-13 22:04:13] - root - DEBUG - [ 382/ 500] - elbo:       -1926.0, ll:        -661.0, kl:   1265.2, error:  0.16950
[2022-06-13 22:04:13] - root - DEBUG - [ 383/ 500] - elbo:       -1493.0, ll:        -280.0, kl:   1213.7, error:  0.17661
[2022-06-13 22:04:13] - root - DEBUG - [ 384/ 500] - elbo:       -1482.0, ll:        -217.0, kl:   1265.3, error:  0.14543
[2022-06-13 22:04:13] - root - DEBUG - [ 385/ 500] - elbo:       -1565.0, ll:        -240.0, kl:   1325.5, error:  0.14711
[2022-06-13 22:04:13] - root - DEBUG - [ 386/ 500] - elbo:       -1782.0, ll:        -441.0, kl:   1340.4, error:  0.12973
[2022-06-13 22:04:13] - root - DEBUG - [ 387/ 500] - elbo:       -1513.0, ll:        -246.0, kl:   1267.4, error:  0.13638
[2022-06-13 22:04:13] - root - DEBUG - [ 388/ 500] - elbo:       -1594.0, ll:        -339.0, kl:   1254.6, error:  0.12869
[2022-06-13 22:04:13] - root - DEBUG - [ 389/ 500] - elbo:       -1486.0, ll:        -228.0, kl:   1257.4, error:  0.15111
[2022-06-13 22:04:13] - root - DEBUG - [ 390/ 500] - elbo:       -1485.0, ll:        -177.0, kl:   1307.8, error:  0.14786
[2022-06-13 22:04:13] - root - DEBUG - [ 391/ 500] - elbo:       -1789.0, ll:        -468.0, kl:   1321.7, error:  0.14421
[2022-06-13 22:04:13] - root - DEBUG - [ 392/ 500] - elbo:       -1339.0, ll:         -94.0, kl:   1244.5, error:  0.12794
[2022-06-13 22:04:13] - root - DEBUG - [ 393/ 500] - elbo:       -1842.0, ll:        -562.0, kl:   1279.8, error:  0.15288
[2022-06-13 22:04:13] - root - DEBUG - [ 394/ 500] - elbo:       -1289.0, ll:         -36.0, kl:   1252.2, error:  0.12062
[2022-06-13 22:04:13] - root - DEBUG - [ 395/ 500] - elbo:       -1327.0, ll:         -80.0, kl:   1246.9, error:  0.12279
[2022-06-13 22:04:13] - root - DEBUG - [ 396/ 500] - elbo:       -1365.0, ll:        -115.0, kl:   1249.5, error:  0.11802
[2022-06-13 22:04:13] - root - DEBUG - [ 397/ 500] - elbo:       -1574.0, ll:        -305.0, kl:   1269.5, error:  0.16403
[2022-06-13 22:04:13] - root - DEBUG - [ 398/ 500] - elbo:       -1940.0, ll:        -684.0, kl:   1256.2, error:  0.18159
[2022-06-13 22:04:13] - root - DEBUG - [ 399/ 500] - elbo:       -1754.0, ll:        -534.0, kl:   1219.9, error:  0.15934
[2022-06-13 22:04:13] - root - DEBUG - [ 400/ 500] - elbo:       -1387.0, ll:        -182.0, kl:   1205.0, error:  0.13370
[2022-06-13 22:04:13] - root - INFO - Epoch   400 - elbo:       -1387.0, ll:        -182.0, kl:   1205.0, error:  0.13370
[2022-06-13 22:04:14] - root - DEBUG - [ 401/ 500] - elbo:       -2213.0, ll:        -928.0, kl:   1284.4, error:  0.17693
[2022-06-13 22:04:14] - root - DEBUG - [ 402/ 500] - elbo:       -2450.0, ll:       -1157.0, kl:   1292.5, error:  0.31784
[2022-06-13 22:04:14] - root - DEBUG - [ 403/ 500] - elbo:       -1670.0, ll:        -356.0, kl:   1313.6, error:  0.19494
[2022-06-13 22:04:14] - root - DEBUG - [ 404/ 500] - elbo:       -2374.0, ll:       -1122.0, kl:   1252.1, error:  0.27365
[2022-06-13 22:04:14] - root - DEBUG - [ 405/ 500] - elbo:       -1380.0, ll:        -161.0, kl:   1219.1, error:  0.13353
[2022-06-13 22:04:14] - root - DEBUG - [ 406/ 500] - elbo:       -1462.0, ll:        -210.0, kl:   1251.2, error:  0.13084
[2022-06-13 22:04:14] - root - DEBUG - [ 407/ 500] - elbo:       -1318.0, ll:        -115.0, kl:   1202.9, error:  0.13089
[2022-06-13 22:04:14] - root - DEBUG - [ 408/ 500] - elbo:       -1722.0, ll:        -453.0, kl:   1268.3, error:  0.11431
[2022-06-13 22:04:14] - root - DEBUG - [ 409/ 500] - elbo:       -1717.0, ll:        -503.0, kl:   1213.6, error:  0.20481
[2022-06-13 22:04:14] - root - DEBUG - [ 410/ 500] - elbo:       -1390.0, ll:        -132.0, kl:   1258.1, error:  0.14673
[2022-06-13 22:04:14] - root - DEBUG - [ 411/ 500] - elbo:       -2183.0, ll:        -985.0, kl:   1198.5, error:  0.23961
[2022-06-13 22:04:14] - root - DEBUG - [ 412/ 500] - elbo:       -1479.0, ll:        -262.0, kl:   1216.4, error:  0.18458
[2022-06-13 22:04:14] - root - DEBUG - [ 413/ 500] - elbo:       -2470.0, ll:       -1245.0, kl:   1224.9, error:  0.33113
[2022-06-13 22:04:14] - root - DEBUG - [ 414/ 500] - elbo:       -1558.0, ll:        -345.0, kl:   1213.2, error:  0.18518
[2022-06-13 22:04:14] - root - DEBUG - [ 415/ 500] - elbo:       -1773.0, ll:        -544.0, kl:   1228.6, error:  0.19512
[2022-06-13 22:04:14] - root - DEBUG - [ 416/ 500] - elbo:       -1499.0, ll:        -251.0, kl:   1247.5, error:  0.16826
[2022-06-13 22:04:14] - root - DEBUG - [ 417/ 500] - elbo:       -2843.0, ll:       -1633.0, kl:   1210.0, error:  0.25833
[2022-06-13 22:04:14] - root - DEBUG - [ 418/ 500] - elbo:       -2117.0, ll:        -908.0, kl:   1209.6, error:  0.28133
[2022-06-13 22:04:14] - root - DEBUG - [ 419/ 500] - elbo:       -1890.0, ll:        -644.0, kl:   1245.9, error:  0.23181
[2022-06-13 22:04:14] - root - DEBUG - [ 420/ 500] - elbo:       -2072.0, ll:        -858.0, kl:   1213.9, error:  0.24438
[2022-06-13 22:04:14] - root - DEBUG - [ 421/ 500] - elbo:       -1627.0, ll:        -383.0, kl:   1244.8, error:  0.15125
[2022-06-13 22:04:14] - root - DEBUG - [ 422/ 500] - elbo:       -1585.0, ll:        -400.0, kl:   1185.4, error:  0.15900
[2022-06-13 22:04:14] - root - DEBUG - [ 423/ 500] - elbo:       -2067.0, ll:        -868.0, kl:   1199.1, error:  0.27683
[2022-06-13 22:04:14] - root - DEBUG - [ 424/ 500] - elbo:       -1753.0, ll:        -510.0, kl:   1243.0, error:  0.14763
[2022-06-13 22:04:14] - root - DEBUG - [ 425/ 500] - elbo:       -1644.0, ll:        -437.0, kl:   1206.8, error:  0.16989
[2022-06-13 22:04:14] - root - DEBUG - [ 426/ 500] - elbo:       -1820.0, ll:        -579.0, kl:   1240.7, error:  0.15331
[2022-06-13 22:04:14] - root - DEBUG - [ 427/ 500] - elbo:       -1233.0, ll:         -35.0, kl:   1197.7, error:  0.11975
[2022-06-13 22:04:14] - root - DEBUG - [ 428/ 500] - elbo:       -1693.0, ll:        -449.0, kl:   1244.5, error:  0.16493
[2022-06-13 22:04:14] - root - DEBUG - [ 429/ 500] - elbo:       -1355.0, ll:         -84.0, kl:   1271.1, error:  0.12236
[2022-06-13 22:04:14] - root - DEBUG - [ 430/ 500] - elbo:       -1552.0, ll:        -269.0, kl:   1283.5, error:  0.14915
[2022-06-13 22:04:14] - root - DEBUG - [ 431/ 500] - elbo:       -1436.0, ll:        -205.0, kl:   1231.3, error:  0.16238
[2022-06-13 22:04:14] - root - DEBUG - [ 432/ 500] - elbo:       -1889.0, ll:        -665.0, kl:   1224.4, error:  0.19832
[2022-06-13 22:04:14] - root - DEBUG - [ 433/ 500] - elbo:       -1260.0, ll:         -56.0, kl:   1203.9, error:  0.12449
[2022-06-13 22:04:14] - root - DEBUG - [ 434/ 500] - elbo:       -1910.0, ll:        -689.0, kl:   1220.9, error:  0.24463
[2022-06-13 22:04:14] - root - DEBUG - [ 435/ 500] - elbo:       -1671.0, ll:        -461.0, kl:   1210.1, error:  0.18497
[2022-06-13 22:04:14] - root - DEBUG - [ 436/ 500] - elbo:       -1508.0, ll:        -268.0, kl:   1240.5, error:  0.15612
[2022-06-13 22:04:14] - root - DEBUG - [ 437/ 500] - elbo:       -1662.0, ll:        -454.0, kl:   1208.0, error:  0.20861
[2022-06-13 22:04:14] - root - DEBUG - [ 438/ 500] - elbo:       -1558.0, ll:        -346.0, kl:   1212.3, error:  0.20223
[2022-06-13 22:04:14] - root - DEBUG - [ 439/ 500] - elbo:       -1950.0, ll:        -697.0, kl:   1252.8, error:  0.20714
[2022-06-13 22:04:14] - root - DEBUG - [ 440/ 500] - elbo:       -1702.0, ll:        -506.0, kl:   1195.8, error:  0.19535
[2022-06-13 22:04:14] - root - DEBUG - [ 441/ 500] - elbo:       -1552.0, ll:        -339.0, kl:   1212.5, error:  0.20235
[2022-06-13 22:04:15] - root - DEBUG - [ 442/ 500] - elbo:       -2946.0, ll:       -1730.0, kl:   1215.4, error:  0.21424
[2022-06-13 22:04:15] - root - DEBUG - [ 443/ 500] - elbo:       -1788.0, ll:        -613.0, kl:   1175.5, error:  0.22932
[2022-06-13 22:04:15] - root - DEBUG - [ 444/ 500] - elbo:       -1558.0, ll:        -368.0, kl:   1190.6, error:  0.14934
[2022-06-13 22:04:15] - root - DEBUG - [ 445/ 500] - elbo:       -1556.0, ll:        -342.0, kl:   1213.7, error:  0.14032
[2022-06-13 22:04:15] - root - DEBUG - [ 446/ 500] - elbo:       -1465.0, ll:        -263.0, kl:   1202.0, error:  0.13208
[2022-06-13 22:04:15] - root - DEBUG - [ 447/ 500] - elbo:       -1838.0, ll:        -584.0, kl:   1254.5, error:  0.14445
[2022-06-13 22:04:15] - root - DEBUG - [ 448/ 500] - elbo:       -1507.0, ll:        -267.0, kl:   1240.0, error:  0.15751
[2022-06-13 22:04:15] - root - DEBUG - [ 449/ 500] - elbo:       -1457.0, ll:        -246.0, kl:   1211.4, error:  0.13354
[2022-06-13 22:04:15] - root - DEBUG - [ 450/ 500] - elbo:       -1612.0, ll:        -336.0, kl:   1276.0, error:  0.15949
[2022-06-13 22:04:15] - root - DEBUG - [ 451/ 500] - elbo:       -1926.0, ll:        -741.0, kl:   1185.4, error:  0.21244
[2022-06-13 22:04:15] - root - DEBUG - [ 452/ 500] - elbo:       -1771.0, ll:        -523.0, kl:   1248.2, error:  0.16841
[2022-06-13 22:04:15] - root - DEBUG - [ 453/ 500] - elbo:       -1908.0, ll:        -614.0, kl:   1294.4, error:  0.23070
[2022-06-13 22:04:15] - root - DEBUG - [ 454/ 500] - elbo:       -1861.0, ll:        -628.0, kl:   1232.3, error:  0.13766
[2022-06-13 22:04:15] - root - DEBUG - [ 455/ 500] - elbo:       -1468.0, ll:        -213.0, kl:   1255.1, error:  0.15900
[2022-06-13 22:04:15] - root - DEBUG - [ 456/ 500] - elbo:       -1920.0, ll:        -690.0, kl:   1230.1, error:  0.24386
[2022-06-13 22:04:15] - root - DEBUG - [ 457/ 500] - elbo:       -1693.0, ll:        -379.0, kl:   1314.5, error:  0.20991
[2022-06-13 22:04:15] - root - DEBUG - [ 458/ 500] - elbo:       -1971.0, ll:        -726.0, kl:   1244.4, error:  0.22060
[2022-06-13 22:04:15] - root - DEBUG - [ 459/ 500] - elbo:       -1287.0, ll:         -46.0, kl:   1240.8, error:  0.12911
[2022-06-13 22:04:15] - root - DEBUG - [ 460/ 500] - elbo:       -2070.0, ll:        -807.0, kl:   1262.9, error:  0.19705
[2022-06-13 22:04:15] - root - DEBUG - [ 461/ 500] - elbo:       -1448.0, ll:        -126.0, kl:   1321.9, error:  0.15287
[2022-06-13 22:04:15] - root - DEBUG - [ 462/ 500] - elbo:       -2500.0, ll:       -1175.0, kl:   1324.4, error:  0.33618
[2022-06-13 22:04:15] - root - DEBUG - [ 463/ 500] - elbo:       -1383.0, ll:        -178.0, kl:   1205.1, error:  0.17349
[2022-06-13 22:04:15] - root - DEBUG - [ 464/ 500] - elbo:       -1346.0, ll:         -77.0, kl:   1268.6, error:  0.14377
[2022-06-13 22:04:15] - root - DEBUG - [ 465/ 500] - elbo:       -1350.0, ll:        -108.0, kl:   1241.9, error:  0.11955
[2022-06-13 22:04:15] - root - DEBUG - [ 466/ 500] - elbo:       -2846.0, ll:       -1636.0, kl:   1210.7, error:  0.34350
[2022-06-13 22:04:15] - root - DEBUG - [ 467/ 500] - elbo:       -1833.0, ll:        -605.0, kl:   1228.0, error:  0.18850
[2022-06-13 22:04:15] - root - DEBUG - [ 468/ 500] - elbo:       -2133.0, ll:        -916.0, kl:   1217.0, error:  0.19924
[2022-06-13 22:04:15] - root - DEBUG - [ 469/ 500] - elbo:       -1401.0, ll:        -178.0, kl:   1223.9, error:  0.12016
[2022-06-13 22:04:15] - root - DEBUG - [ 470/ 500] - elbo:       -1288.0, ll:         -39.0, kl:   1249.0, error:  0.12454
[2022-06-13 22:04:15] - root - DEBUG - [ 471/ 500] - elbo:       -1358.0, ll:        -137.0, kl:   1221.3, error:  0.13043
[2022-06-13 22:04:15] - root - DEBUG - [ 472/ 500] - elbo:       -1269.0, ll:         -52.0, kl:   1217.0, error:  0.12914
[2022-06-13 22:04:15] - root - DEBUG - [ 473/ 500] - elbo:       -1699.0, ll:        -466.0, kl:   1233.3, error:  0.18894
[2022-06-13 22:04:15] - root - DEBUG - [ 474/ 500] - elbo:       -1496.0, ll:        -264.0, kl:   1232.2, error:  0.11396
[2022-06-13 22:04:15] - root - DEBUG - [ 475/ 500] - elbo:       -2463.0, ll:       -1216.0, kl:   1246.3, error:  0.18980
[2022-06-13 22:04:15] - root - DEBUG - [ 476/ 500] - elbo:       -1865.0, ll:        -685.0, kl:   1179.7, error:  0.17025
[2022-06-13 22:04:15] - root - DEBUG - [ 477/ 500] - elbo:       -2211.0, ll:        -925.0, kl:   1285.4, error:  0.29662
[2022-06-13 22:04:15] - root - DEBUG - [ 478/ 500] - elbo:       -1607.0, ll:        -383.0, kl:   1223.9, error:  0.12432
[2022-06-13 22:04:15] - root - DEBUG - [ 479/ 500] - elbo:       -2620.0, ll:       -1407.0, kl:   1213.0, error:  0.29944
[2022-06-13 22:04:15] - root - DEBUG - [ 480/ 500] - elbo:       -1310.0, ll:        -122.0, kl:   1188.1, error:  0.12943
[2022-06-13 22:04:15] - root - DEBUG - [ 481/ 500] - elbo:       -1447.0, ll:        -223.0, kl:   1224.3, error:  0.15641
[2022-06-13 22:04:15] - root - DEBUG - [ 482/ 500] - elbo:       -1863.0, ll:        -648.0, kl:   1215.9, error:  0.16596
[2022-06-13 22:04:16] - root - DEBUG - [ 483/ 500] - elbo:       -1812.0, ll:        -577.0, kl:   1234.9, error:  0.17917
[2022-06-13 22:04:16] - root - DEBUG - [ 484/ 500] - elbo:       -1426.0, ll:        -226.0, kl:   1200.0, error:  0.18357
[2022-06-13 22:04:16] - root - DEBUG - [ 485/ 500] - elbo:       -1372.0, ll:        -151.0, kl:   1221.1, error:  0.11897
[2022-06-13 22:04:16] - root - DEBUG - [ 486/ 500] - elbo:       -1346.0, ll:        -114.0, kl:   1231.7, error:  0.13000
[2022-06-13 22:04:16] - root - DEBUG - [ 487/ 500] - elbo:       -2563.0, ll:       -1342.0, kl:   1220.7, error:  0.31664
[2022-06-13 22:04:16] - root - DEBUG - [ 488/ 500] - elbo:       -1526.0, ll:        -299.0, kl:   1227.4, error:  0.19604
[2022-06-13 22:04:16] - root - DEBUG - [ 489/ 500] - elbo:       -1338.0, ll:        -159.0, kl:   1179.0, error:  0.15647
[2022-06-13 22:04:16] - root - DEBUG - [ 490/ 500] - elbo:       -1742.0, ll:        -487.0, kl:   1255.7, error:  0.21236
[2022-06-13 22:04:16] - root - DEBUG - [ 491/ 500] - elbo:       -1558.0, ll:        -328.0, kl:   1230.3, error:  0.20531
[2022-06-13 22:04:16] - root - DEBUG - [ 492/ 500] - elbo:       -1652.0, ll:        -457.0, kl:   1195.3, error:  0.14710
[2022-06-13 22:04:16] - root - DEBUG - [ 493/ 500] - elbo:       -1855.0, ll:        -594.0, kl:   1261.6, error:  0.13060
[2022-06-13 22:04:16] - root - DEBUG - [ 494/ 500] - elbo:       -1293.0, ll:         -60.0, kl:   1232.9, error:  0.12532
[2022-06-13 22:04:16] - root - DEBUG - [ 495/ 500] - elbo:       -1577.0, ll:        -313.0, kl:   1263.4, error:  0.18860
[2022-06-13 22:04:16] - root - DEBUG - [ 496/ 500] - elbo:       -1394.0, ll:        -171.0, kl:   1222.8, error:  0.17652
[2022-06-13 22:04:16] - root - DEBUG - [ 497/ 500] - elbo:       -1446.0, ll:        -258.0, kl:   1187.7, error:  0.18659
[2022-06-13 22:04:16] - root - DEBUG - [ 498/ 500] - elbo:       -1663.0, ll:        -470.0, kl:   1193.3, error:  0.13817
[2022-06-13 22:04:16] - root - DEBUG - [ 499/ 500] - elbo:       -1764.0, ll:        -596.0, kl:   1168.3, error:  0.17002
[2022-06-13 22:04:16] - root - INFO - Epoch   499 - elbo:       -1764.0, ll:        -596.0, kl:   1168.3, error:  0.17002
[2022-06-13 22:04:17] - root - INFO - Test set error (RMSE): 0.067, var: 0.026
[2022-06-13 22:04:18] - root - INFO - Both train/test set error (RMSE): 0.024, var: 0.992
[2022-06-13 22:04:18] - root - INFO - Entire domain error (RMSE): 0.066, var: 4.094
